Flow report for simple
Thu May 11 16:48:57 2023
Quartus Prime Version 20.1.0 Build 711 06/05/2020 SJ Standard Edition


---------------------
; Table of Contents ;
---------------------
  1. Legal Notice
  2. Flow Summary
  3. Flow Settings
  4. Flow Non-Default Global Settings
  5. Flow Elapsed Time
  6. Flow OS Summary
  7. Flow Log
  8. Flow Messages
  9. Flow Suppressed Messages



----------------
; Legal Notice ;
----------------
Copyright (C) 2020  Intel Corporation. All rights reserved.
Your use of Intel Corporation's design tools, logic functions 
and other software and tools, and any partner logic 
functions, and any output files from any of the foregoing 
(including device programming or simulation files), and any 
associated documentation or information are expressly subject 
to the terms and conditions of the Intel Program License 
Subscription Agreement, the Intel Quartus Prime License Agreement,
the Intel FPGA IP License Agreement, or other applicable license
agreement, including, without limitation, that your use is for
the sole purpose of programming logic devices manufactured by
Intel and sold by Intel or its authorized distributors.  Please
refer to the applicable agreement for further details, at
https://fpgasoftware.intel.com/eula.



+--------------------------------------------------------------------------------------+
; Flow Summary                                                                         ;
+------------------------------------+-------------------------------------------------+
; Flow Status                        ; Successful - Thu May 11 16:48:57 2023           ;
; Quartus Prime Version              ; 20.1.0 Build 711 06/05/2020 SJ Standard Edition ;
; Revision Name                      ; simple                                          ;
; Top-level Entity Name              ; simple                                          ;
; Family                             ; Cyclone IV E                                    ;
; Device                             ; EP4CE30F23I7                                    ;
; Timing Models                      ; Final                                           ;
; Total logic elements               ; 3,082 / 28,848 ( 11 % )                         ;
;     Total combinational functions  ; 3,033 / 28,848 ( 11 % )                         ;
;     Dedicated logic registers      ; 406 / 28,848 ( 1 % )                            ;
; Total registers                    ; 406                                             ;
; Total pins                         ; 125 / 329 ( 38 % )                              ;
; Total virtual pins                 ; 0                                               ;
; Total memory bits                  ; 65,536 / 608,256 ( 11 % )                       ;
; Embedded Multiplier 9-bit elements ; 0 / 132 ( 0 % )                                 ;
; Total PLLs                         ; 0 / 4 ( 0 % )                                   ;
+------------------------------------+-------------------------------------------------+


+-----------------------------------------+
; Flow Settings                           ;
+-------------------+---------------------+
; Option            ; Setting             ;
+-------------------+---------------------+
; Start date & time ; 05/11/2023 16:48:30 ;
; Main task         ; Compilation         ;
; Revision Name     ; simple              ;
+-------------------+---------------------+


+-------------------------------------------------------------------------------------------------------------------------------------------------+
; Flow Non-Default Global Settings                                                                                                                ;
+--------------------------------------+----------------------------------------+---------------+-------------+-----------------------------------+
; Assignment Name                      ; Value                                  ; Default Value ; Entity Name ; Section Id                        ;
+--------------------------------------+----------------------------------------+---------------+-------------+-----------------------------------+
; COMPILER_SIGNATURE_ID                ; 269318575776757.168379131008757        ; --            ; --          ; --                                ;
; EDA_DESIGN_INSTANCE_NAME             ; NA                                     ; --            ; --          ; test1                             ;
; EDA_DESIGN_INSTANCE_NAME             ; NA                                     ; --            ; --          ; test2                             ;
; EDA_GENERATE_FUNCTIONAL_NETLIST      ; Off                                    ; --            ; --          ; eda_board_design_timing           ;
; EDA_GENERATE_FUNCTIONAL_NETLIST      ; Off                                    ; --            ; --          ; eda_board_design_boundary_scan    ;
; EDA_GENERATE_FUNCTIONAL_NETLIST      ; Off                                    ; --            ; --          ; eda_board_design_signal_integrity ;
; EDA_GENERATE_FUNCTIONAL_NETLIST      ; Off                                    ; --            ; --          ; eda_board_design_symbol           ;
; EDA_NATIVELINK_SIMULATION_TEST_BENCH ; test2                                  ; --            ; --          ; eda_simulation                    ;
; EDA_OUTPUT_DATA_FORMAT               ; Verilog Hdl                            ; --            ; --          ; eda_simulation                    ;
; EDA_SIMULATION_TOOL                  ; ModelSim-Altera (Verilog)              ; <None>        ; --          ; --                                ;
; EDA_TEST_BENCH_ENABLE_STATUS         ; TEST_BENCH_MODE                        ; --            ; --          ; eda_simulation                    ;
; EDA_TEST_BENCH_FILE                  ; simulation/modelsim/simple_test1.vt    ; --            ; --          ; test1                             ;
; EDA_TEST_BENCH_FILE                  ; simulation/modelsim/simple_test1.vt    ; --            ; --          ; test2                             ;
; EDA_TEST_BENCH_MODULE_NAME           ; test1                                  ; --            ; --          ; test1                             ;
; EDA_TEST_BENCH_MODULE_NAME           ; test2                                  ; --            ; --          ; test2                             ;
; EDA_TEST_BENCH_NAME                  ; test1                                  ; --            ; --          ; eda_simulation                    ;
; EDA_TEST_BENCH_NAME                  ; test2                                  ; --            ; --          ; eda_simulation                    ;
; EDA_TIME_SCALE                       ; 1 ps                                   ; --            ; --          ; eda_simulation                    ;
; MAX_CORE_JUNCTION_TEMP               ; 100                                    ; --            ; --          ; --                                ;
; MIN_CORE_JUNCTION_TEMP               ; -40                                    ; --            ; --          ; --                                ;
; MISC_FILE                            ; ram.bsf                                ; --            ; --          ; --                                ;
; MISC_FILE                            ; ram.cmp                                ; --            ; --          ; --                                ;
; NOMINAL_CORE_SUPPLY_VOLTAGE          ; 1.2V                                   ; --            ; --          ; --                                ;
; PARTITION_COLOR                      ; -- (Not supported for targeted family) ; --            ; --          ; Top                               ;
; PARTITION_FITTER_PRESERVATION_LEVEL  ; -- (Not supported for targeted family) ; --            ; --          ; Top                               ;
; PARTITION_NETLIST_TYPE               ; -- (Not supported for targeted family) ; --            ; --          ; Top                               ;
; POWER_BOARD_THERMAL_MODEL            ; None (CONSERVATIVE)                    ; --            ; --          ; --                                ;
; POWER_PRESET_COOLING_SOLUTION        ; 23 MM HEAT SINK WITH 200 LFPM AIRFLOW  ; --            ; --          ; --                                ;
; PROJECT_OUTPUT_DIRECTORY             ; output_files                           ; --            ; --          ; --                                ;
+--------------------------------------+----------------------------------------+---------------+-------------+-----------------------------------+


+--------------------------------------------------------------------------------------------------------------------------+
; Flow Elapsed Time                                                                                                        ;
+----------------------+--------------+-------------------------+---------------------+------------------------------------+
; Module Name          ; Elapsed Time ; Average Processors Used ; Peak Virtual Memory ; Total CPU Time (on all processors) ;
+----------------------+--------------+-------------------------+---------------------+------------------------------------+
; Analysis & Synthesis ; 00:00:15     ; 1.0                     ; 533 MB              ; 00:00:30                           ;
; Fitter               ; 00:00:06     ; 1.1                     ; 1664 MB             ; 00:00:10                           ;
; Assembler            ; 00:00:01     ; 1.0                     ; 378 MB              ; 00:00:01                           ;
; Timing Analyzer      ; 00:00:02     ; 1.3                     ; 616 MB              ; 00:00:02                           ;
; EDA Netlist Writer   ; 00:00:01     ; 1.0                     ; 633 MB              ; 00:00:01                           ;
; Total                ; 00:00:25     ; --                      ; --                  ; 00:00:44                           ;
+----------------------+--------------+-------------------------+---------------------+------------------------------------+


+----------------------------------------------------------------------------------------+
; Flow OS Summary                                                                        ;
+----------------------+------------------+----------------+------------+----------------+
; Module Name          ; Machine Hostname ; OS Name        ; OS Version ; Processor type ;
+----------------------+------------------+----------------+------------+----------------+
; Analysis & Synthesis ; WS40             ; Ubuntu 22.04.2 ; 22         ; x86_64         ;
; Fitter               ; WS40             ; Ubuntu 22.04.2 ; 22         ; x86_64         ;
; Assembler            ; WS40             ; Ubuntu 22.04.2 ; 22         ; x86_64         ;
; Timing Analyzer      ; WS40             ; Ubuntu 22.04.2 ; 22         ; x86_64         ;
; EDA Netlist Writer   ; WS40             ; Ubuntu 22.04.2 ; 22         ; x86_64         ;
+----------------------+------------------+----------------+------------+----------------+


------------
; Flow Log ;
------------
quartus_map --read_settings_files=on --write_settings_files=off simple -c simple
quartus_fit --read_settings_files=off --write_settings_files=off simple -c simple
quartus_asm --read_settings_files=off --write_settings_files=off simple -c simple
quartus_sta simple -c simple
quartus_eda --read_settings_files=off --write_settings_files=off simple -c simple



