Analysis & Synthesis report for simple
Thu Apr 27 16:13:53 2023
Quartus Prime Version 20.1.0 Build 711 06/05/2020 SJ Lite Edition


---------------------
; Table of Contents ;
---------------------
  1. Legal Notice
  2. Analysis & Synthesis Summary
  3. Analysis & Synthesis Settings
  4. Parallel Compilation
  5. Analysis & Synthesis IP Cores Summary
  6. Source assignments for ram:ram|altsyncram:altsyncram_component|altsyncram_3qk1:auto_generated|altsyncram_14b2:altsyncram1
  7. Parameter Settings for User Entity Instance: ram:ram|altsyncram:altsyncram_component
  8. Port Connectivity Checks: "ram:ram"
  9. Port Connectivity Checks: "branch:br"
 10. Port Connectivity Checks: "PC:PC"
 11. Port Connectivity Checks: "shifter:sf"
 12. Port Connectivity Checks: "ctl:ctl"
 13. Port Connectivity Checks: "RegisterFile:RF"
 14. Port Connectivity Checks: "register:SZCV"
 15. Port Connectivity Checks: "register:IR"
 16. Analysis & Synthesis Messages
 17. Analysis & Synthesis Suppressed Messages



----------------
; Legal Notice ;
----------------
Copyright (C) 2020  Intel Corporation. All rights reserved.
Your use of Intel Corporation's design tools, logic functions 
and other software and tools, and any partner logic 
functions, and any output files from any of the foregoing 
(including device programming or simulation files), and any 
associated documentation or information are expressly subject 
to the terms and conditions of the Intel Program License 
Subscription Agreement, the Intel Quartus Prime License Agreement,
the Intel FPGA IP License Agreement, or other applicable license
agreement, including, without limitation, that your use is for
the sole purpose of programming logic devices manufactured by
Intel and sold by Intel or its authorized distributors.  Please
refer to the applicable agreement for further details, at
https://fpgasoftware.intel.com/eula.



+----------------------------------------------------------------------------------+
; Analysis & Synthesis Summary                                                     ;
+------------------------------------+---------------------------------------------+
; Analysis & Synthesis Status        ; Failed - Thu Apr 27 16:13:53 2023           ;
; Quartus Prime Version              ; 20.1.0 Build 711 06/05/2020 SJ Lite Edition ;
; Revision Name                      ; simple                                      ;
; Top-level Entity Name              ; simple                                      ;
; Family                             ; Cyclone IV E                                ;
; Total logic elements               ; N/A until Partition Merge                   ;
;     Total combinational functions  ; N/A until Partition Merge                   ;
;     Dedicated logic registers      ; N/A until Partition Merge                   ;
; Total registers                    ; N/A until Partition Merge                   ;
; Total pins                         ; N/A until Partition Merge                   ;
; Total virtual pins                 ; N/A until Partition Merge                   ;
; Total memory bits                  ; N/A until Partition Merge                   ;
; Embedded Multiplier 9-bit elements ; N/A until Partition Merge                   ;
; Total PLLs                         ; N/A until Partition Merge                   ;
+------------------------------------+---------------------------------------------+


+------------------------------------------------------------------------------------------------------------+
; Analysis & Synthesis Settings                                                                              ;
+------------------------------------------------------------------+--------------------+--------------------+
; Option                                                           ; Setting            ; Default Value      ;
+------------------------------------------------------------------+--------------------+--------------------+
; Device                                                           ; EP4CE30F23I7       ;                    ;
; Top-level entity name                                            ; simple             ; simple             ;
; Family name                                                      ; Cyclone IV E       ; Cyclone V          ;
; Use smart compilation                                            ; Off                ; Off                ;
; Enable parallel Assembler and Timing Analyzer during compilation ; On                 ; On                 ;
; Enable compact report table                                      ; Off                ; Off                ;
; Restructure Multiplexers                                         ; Auto               ; Auto               ;
; Create Debugging Nodes for IP Cores                              ; Off                ; Off                ;
; Preserve fewer node names                                        ; On                 ; On                 ;
; Intel FPGA IP Evaluation Mode                                    ; Enable             ; Enable             ;
; Verilog Version                                                  ; Verilog_2001       ; Verilog_2001       ;
; VHDL Version                                                     ; VHDL_1993          ; VHDL_1993          ;
; State Machine Processing                                         ; Auto               ; Auto               ;
; Safe State Machine                                               ; Off                ; Off                ;
; Extract Verilog State Machines                                   ; On                 ; On                 ;
; Extract VHDL State Machines                                      ; On                 ; On                 ;
; Ignore Verilog initial constructs                                ; Off                ; Off                ;
; Iteration limit for constant Verilog loops                       ; 5000               ; 5000               ;
; Iteration limit for non-constant Verilog loops                   ; 250                ; 250                ;
; Add Pass-Through Logic to Inferred RAMs                          ; On                 ; On                 ;
; Infer RAMs from Raw Logic                                        ; On                 ; On                 ;
; Parallel Synthesis                                               ; On                 ; On                 ;
; DSP Block Balancing                                              ; Auto               ; Auto               ;
; NOT Gate Push-Back                                               ; On                 ; On                 ;
; Power-Up Don't Care                                              ; On                 ; On                 ;
; Remove Redundant Logic Cells                                     ; Off                ; Off                ;
; Remove Duplicate Registers                                       ; On                 ; On                 ;
; Ignore CARRY Buffers                                             ; Off                ; Off                ;
; Ignore CASCADE Buffers                                           ; Off                ; Off                ;
; Ignore GLOBAL Buffers                                            ; Off                ; Off                ;
; Ignore ROW GLOBAL Buffers                                        ; Off                ; Off                ;
; Ignore LCELL Buffers                                             ; Off                ; Off                ;
; Ignore SOFT Buffers                                              ; On                 ; On                 ;
; Limit AHDL Integers to 32 Bits                                   ; Off                ; Off                ;
; Optimization Technique                                           ; Balanced           ; Balanced           ;
; Carry Chain Length                                               ; 70                 ; 70                 ;
; Auto Carry Chains                                                ; On                 ; On                 ;
; Auto Open-Drain Pins                                             ; On                 ; On                 ;
; Perform WYSIWYG Primitive Resynthesis                            ; Off                ; Off                ;
; Auto ROM Replacement                                             ; On                 ; On                 ;
; Auto RAM Replacement                                             ; On                 ; On                 ;
; Auto DSP Block Replacement                                       ; On                 ; On                 ;
; Auto Shift Register Replacement                                  ; Auto               ; Auto               ;
; Allow Shift Register Merging across Hierarchies                  ; Auto               ; Auto               ;
; Auto Clock Enable Replacement                                    ; On                 ; On                 ;
; Strict RAM Replacement                                           ; Off                ; Off                ;
; Allow Synchronous Control Signals                                ; On                 ; On                 ;
; Force Use of Synchronous Clear Signals                           ; Off                ; Off                ;
; Auto RAM Block Balancing                                         ; On                 ; On                 ;
; Auto RAM to Logic Cell Conversion                                ; Off                ; Off                ;
; Auto Resource Sharing                                            ; Off                ; Off                ;
; Allow Any RAM Size For Recognition                               ; Off                ; Off                ;
; Allow Any ROM Size For Recognition                               ; Off                ; Off                ;
; Allow Any Shift Register Size For Recognition                    ; Off                ; Off                ;
; Use LogicLock Constraints during Resource Balancing              ; On                 ; On                 ;
; Ignore translate_off and synthesis_off directives                ; Off                ; Off                ;
; Timing-Driven Synthesis                                          ; On                 ; On                 ;
; Report Parameter Settings                                        ; On                 ; On                 ;
; Report Source Assignments                                        ; On                 ; On                 ;
; Report Connectivity Checks                                       ; On                 ; On                 ;
; Ignore Maximum Fan-Out Assignments                               ; Off                ; Off                ;
; Synchronization Register Chain Length                            ; 2                  ; 2                  ;
; Power Optimization During Synthesis                              ; Normal compilation ; Normal compilation ;
; HDL message level                                                ; Level2             ; Level2             ;
; Suppress Register Optimization Related Messages                  ; Off                ; Off                ;
; Number of Removed Registers Reported in Synthesis Report         ; 5000               ; 5000               ;
; Number of Swept Nodes Reported in Synthesis Report               ; 5000               ; 5000               ;
; Number of Inverted Registers Reported in Synthesis Report        ; 100                ; 100                ;
; Clock MUX Protection                                             ; On                 ; On                 ;
; Auto Gated Clock Conversion                                      ; Off                ; Off                ;
; Block Design Naming                                              ; Auto               ; Auto               ;
; SDC constraint protection                                        ; Off                ; Off                ;
; Synthesis Effort                                                 ; Auto               ; Auto               ;
; Shift Register Replacement - Allow Asynchronous Clear Signal     ; On                 ; On                 ;
; Pre-Mapping Resynthesis Optimization                             ; Off                ; Off                ;
; Analysis & Synthesis Message Level                               ; Medium             ; Medium             ;
; Disable Register Merging Across Hierarchies                      ; Auto               ; Auto               ;
; Resource Aware Inference For Block RAM                           ; On                 ; On                 ;
+------------------------------------------------------------------+--------------------+--------------------+


+------------------------------------------+
; Parallel Compilation                     ;
+----------------------------+-------------+
; Processors                 ; Number      ;
+----------------------------+-------------+
; Number detected on machine ; 8           ;
; Maximum allowed            ; 4           ;
;                            ;             ;
; Average used               ; 1.00        ;
; Maximum used               ; 1           ;
;                            ;             ;
; Usage by Processor         ; % Time Used ;
;     Processor 1            ; 100.0%      ;
+----------------------------+-------------+


+---------------------------------------------------------------------------------------------------------------------------------------------------------------------------------------------------------------------------------------------------------------------------------------------------------------------------------------------------------------+
; Analysis & Synthesis IP Cores Summary                                                                                                                                                                                                                                                                                                                         ;
+--------+--------------+---------+--------------+--------------+-----------------------------------------------------------------------------------------------------------------------------------------------------------------------------------------------------------------------------------------------------------------------------+-----------------+
; Vendor ; IP Core Name ; Version ; Release Date ; License Type ; Entity Instance                                                                                                                                                                                                                                                             ; IP Include File ;
+--------+--------------+---------+--------------+--------------+-----------------------------------------------------------------------------------------------------------------------------------------------------------------------------------------------------------------------------------------------------------------------------+-----------------+
; Altera ; Signal Tap   ; N/A     ; N/A          ; Licensed     ; |simple|sld_hub:auto_hub|alt_sld_fab_with_jtag_input:\instrumentation_fabric_with_node_gen:fabric_gen_new_way:with_jtag_input_gen:instrumentation_fabric|alt_sld_fab:instrumentation_fabric                                                                                 ;                 ;
; Altera ; Signal Tap   ; N/A     ; N/A          ; Licensed     ; |simple|sld_hub:auto_hub|alt_sld_fab_with_jtag_input:\instrumentation_fabric_with_node_gen:fabric_gen_new_way:with_jtag_input_gen:instrumentation_fabric|alt_sld_fab:instrumentation_fabric|alt_sld_fab_alt_sld_fab:alt_sld_fab                                             ;                 ;
; Altera ; Signal Tap   ; N/A     ; N/A          ; Licensed     ; |simple|sld_hub:auto_hub|alt_sld_fab_with_jtag_input:\instrumentation_fabric_with_node_gen:fabric_gen_new_way:with_jtag_input_gen:instrumentation_fabric|alt_sld_fab:instrumentation_fabric|alt_sld_fab_alt_sld_fab:alt_sld_fab|alt_sld_fab_alt_sld_fab_presplit:presplit   ;                 ;
; Altera ; Signal Tap   ; N/A     ; N/A          ; Licensed     ; |simple|sld_hub:auto_hub|alt_sld_fab_with_jtag_input:\instrumentation_fabric_with_node_gen:fabric_gen_new_way:with_jtag_input_gen:instrumentation_fabric|alt_sld_fab:instrumentation_fabric|alt_sld_fab_alt_sld_fab:alt_sld_fab|alt_sld_fab_alt_sld_fab_sldfabric:sldfabric ;                 ;
; Altera ; Signal Tap   ; N/A     ; N/A          ; Licensed     ; |simple|sld_hub:auto_hub|alt_sld_fab_with_jtag_input:\instrumentation_fabric_with_node_gen:fabric_gen_new_way:with_jtag_input_gen:instrumentation_fabric|alt_sld_fab:instrumentation_fabric|alt_sld_fab_alt_sld_fab:alt_sld_fab|alt_sld_fab_alt_sld_fab_splitter:splitter   ;                 ;
; Altera ; RAM: 1-PORT  ; 20.1    ; N/A          ; N/A          ; |simple|ram:ram                                                                                                                                                                                                                                                             ; ram.v           ;
+--------+--------------+---------+--------------+--------------+-----------------------------------------------------------------------------------------------------------------------------------------------------------------------------------------------------------------------------------------------------------------------------+-----------------+


+---------------------------------------------------------------------------------------------------------------------------+
; Source assignments for ram:ram|altsyncram:altsyncram_component|altsyncram_3qk1:auto_generated|altsyncram_14b2:altsyncram1 ;
+---------------------------------+--------------------+------+-------------------------------------------------------------+
; Assignment                      ; Value              ; From ; To                                                          ;
+---------------------------------+--------------------+------+-------------------------------------------------------------+
; OPTIMIZE_POWER_DURING_SYNTHESIS ; NORMAL_COMPILATION ; -    ; -                                                           ;
+---------------------------------+--------------------+------+-------------------------------------------------------------+


+--------------------------------------------------------------------------------------+
; Parameter Settings for User Entity Instance: ram:ram|altsyncram:altsyncram_component ;
+------------------------------------+----------------------+--------------------------+
; Parameter Name                     ; Value                ; Type                     ;
+------------------------------------+----------------------+--------------------------+
; BYTE_SIZE_BLOCK                    ; 8                    ; Untyped                  ;
; AUTO_CARRY_CHAINS                  ; ON                   ; AUTO_CARRY               ;
; IGNORE_CARRY_BUFFERS               ; OFF                  ; IGNORE_CARRY             ;
; AUTO_CASCADE_CHAINS                ; ON                   ; AUTO_CASCADE             ;
; IGNORE_CASCADE_BUFFERS             ; OFF                  ; IGNORE_CASCADE           ;
; WIDTH_BYTEENA                      ; 1                    ; Untyped                  ;
; OPERATION_MODE                     ; SINGLE_PORT          ; Untyped                  ;
; WIDTH_A                            ; 16                   ; Signed Integer           ;
; WIDTHAD_A                          ; 12                   ; Signed Integer           ;
; NUMWORDS_A                         ; 4096                 ; Signed Integer           ;
; OUTDATA_REG_A                      ; UNREGISTERED         ; Untyped                  ;
; ADDRESS_ACLR_A                     ; NONE                 ; Untyped                  ;
; OUTDATA_ACLR_A                     ; NONE                 ; Untyped                  ;
; WRCONTROL_ACLR_A                   ; NONE                 ; Untyped                  ;
; INDATA_ACLR_A                      ; NONE                 ; Untyped                  ;
; BYTEENA_ACLR_A                     ; NONE                 ; Untyped                  ;
; WIDTH_B                            ; 1                    ; Untyped                  ;
; WIDTHAD_B                          ; 1                    ; Untyped                  ;
; NUMWORDS_B                         ; 1                    ; Untyped                  ;
; INDATA_REG_B                       ; CLOCK1               ; Untyped                  ;
; WRCONTROL_WRADDRESS_REG_B          ; CLOCK1               ; Untyped                  ;
; RDCONTROL_REG_B                    ; CLOCK1               ; Untyped                  ;
; ADDRESS_REG_B                      ; CLOCK1               ; Untyped                  ;
; OUTDATA_REG_B                      ; UNREGISTERED         ; Untyped                  ;
; BYTEENA_REG_B                      ; CLOCK1               ; Untyped                  ;
; INDATA_ACLR_B                      ; NONE                 ; Untyped                  ;
; WRCONTROL_ACLR_B                   ; NONE                 ; Untyped                  ;
; ADDRESS_ACLR_B                     ; NONE                 ; Untyped                  ;
; OUTDATA_ACLR_B                     ; NONE                 ; Untyped                  ;
; RDCONTROL_ACLR_B                   ; NONE                 ; Untyped                  ;
; BYTEENA_ACLR_B                     ; NONE                 ; Untyped                  ;
; WIDTH_BYTEENA_A                    ; 1                    ; Signed Integer           ;
; WIDTH_BYTEENA_B                    ; 1                    ; Untyped                  ;
; RAM_BLOCK_TYPE                     ; AUTO                 ; Untyped                  ;
; BYTE_SIZE                          ; 8                    ; Untyped                  ;
; READ_DURING_WRITE_MODE_MIXED_PORTS ; DONT_CARE            ; Untyped                  ;
; READ_DURING_WRITE_MODE_PORT_A      ; NEW_DATA_NO_NBE_READ ; Untyped                  ;
; READ_DURING_WRITE_MODE_PORT_B      ; NEW_DATA_NO_NBE_READ ; Untyped                  ;
; INIT_FILE                          ; BubbleSort.mif       ; Untyped                  ;
; INIT_FILE_LAYOUT                   ; PORT_A               ; Untyped                  ;
; MAXIMUM_DEPTH                      ; 0                    ; Untyped                  ;
; CLOCK_ENABLE_INPUT_A               ; BYPASS               ; Untyped                  ;
; CLOCK_ENABLE_INPUT_B               ; NORMAL               ; Untyped                  ;
; CLOCK_ENABLE_OUTPUT_A              ; BYPASS               ; Untyped                  ;
; CLOCK_ENABLE_OUTPUT_B              ; NORMAL               ; Untyped                  ;
; CLOCK_ENABLE_CORE_A                ; USE_INPUT_CLKEN      ; Untyped                  ;
; CLOCK_ENABLE_CORE_B                ; USE_INPUT_CLKEN      ; Untyped                  ;
; ENABLE_ECC                         ; FALSE                ; Untyped                  ;
; ECC_PIPELINE_STAGE_ENABLED         ; FALSE                ; Untyped                  ;
; WIDTH_ECCSTATUS                    ; 3                    ; Untyped                  ;
; DEVICE_FAMILY                      ; Cyclone IV E         ; Untyped                  ;
; CBXI_PARAMETER                     ; altsyncram_3qk1      ; Untyped                  ;
+------------------------------------+----------------------+--------------------------+
Note: In order to hide this table in the UI and the text report file, please set the "Show Parameter Settings in Synthesis Report" option in "Analysis and Synthesis Settings -> More Settings" to "Off".


+------------------------------------------------------------------------------------------------------------------------------------------------------------------------------------------------------------------+
; Port Connectivity Checks: "ram:ram"                                                                                                                                                                              ;
+---------+--------+----------+------------------------------------------------------------------------------------------------------------------------------------------------------------------------------------+
; Port    ; Type   ; Severity ; Details                                                                                                                                                                            ;
+---------+--------+----------+------------------------------------------------------------------------------------------------------------------------------------------------------------------------------------+
; address ; Input  ; Warning  ; Input port expression (16 bits) is wider than the input port (12 bits) it drives.  The 4 most-significant bit(s) in the expression will be dangling if they have no other fanouts. ;
; q       ; Output ; Warning  ; Declared by entity but not connected by instance. Logic that only feeds a dangling port will be removed.                                                                           ;
+---------+--------+----------+------------------------------------------------------------------------------------------------------------------------------------------------------------------------------------+


+--------------------------------------------------------------------------------------------------------------------------------------------------------------------------------------------------------------+
; Port Connectivity Checks: "branch:br"                                                                                                                                                                        ;
+------+-------+----------+------------------------------------------------------------------------------------------------------------------------------------------------------------------------------------+
; Port ; Type  ; Severity ; Details                                                                                                                                                                            ;
+------+-------+----------+------------------------------------------------------------------------------------------------------------------------------------------------------------------------------------+
; cond ; Input ; Warning  ; Input port expression (16 bits) is wider than the input port (4 bits) it drives.  The 12 most-significant bit(s) in the expression will be dangling if they have no other fanouts. ;
+------+-------+----------+------------------------------------------------------------------------------------------------------------------------------------------------------------------------------------+


+-------------------------------------------------------------------------------------------------------------------------------------------------------------------------------+
; Port Connectivity Checks: "PC:PC"                                                                                                                                             ;
+------------+--------+----------+----------------------------------------------------------------------------------------------------------------------------------------------+
; Port       ; Type   ; Severity ; Details                                                                                                                                      ;
+------------+--------+----------+----------------------------------------------------------------------------------------------------------------------------------------------+
; dr         ; Input  ; Warning  ; Input port expression (1 bits) is smaller than the input port (16 bits) it drives.  Extra input bit(s) "dr[15..1]" will be connected to GND. ;
; pc[15..12] ; Output ; Info     ; Connected to dangling logic. Logic that only feeds a dangling port will be removed.                                                          ;
+------------+--------+----------+----------------------------------------------------------------------------------------------------------------------------------------------+


+----------------------------------------------------------------------------------------------------------------------------------------------------------------------------------------------------------------+
; Port Connectivity Checks: "shifter:sf"                                                                                                                                                                         ;
+--------+-------+----------+------------------------------------------------------------------------------------------------------------------------------------------------------------------------------------+
; Port   ; Type  ; Severity ; Details                                                                                                                                                                            ;
+--------+-------+----------+------------------------------------------------------------------------------------------------------------------------------------------------------------------------------------+
; opcode ; Input ; Warning  ; Input port expression (16 bits) is wider than the input port (4 bits) it drives.  The 12 most-significant bit(s) in the expression will be dangling if they have no other fanouts. ;
+--------+-------+----------+------------------------------------------------------------------------------------------------------------------------------------------------------------------------------------+


+---------------------------------------------------------------------------------------------------------------------------------------------------------+
; Port Connectivity Checks: "ctl:ctl"                                                                                                                     ;
+---------+--------+----------+---------------------------------------------------------------------------------------------------------------------------+
; Port    ; Type   ; Severity ; Details                                                                                                                   ;
+---------+--------+----------+---------------------------------------------------------------------------------------------------------------------------+
; MemRead ; Output ; Info     ; Connected to dangling logic. Logic that only feeds a dangling port will be removed.                                       ;
; Output  ; Output ; Info     ; Connected to dangling logic. Logic that only feeds a dangling port will be removed.                                       ;
; opcode  ; Output ; Warning  ; Output or bidir port (4 bits) is wider than the port expression (1 bits) it drives; bit(s) "opcode[3..1]" have no fanouts ;
; opcode  ; Output ; Info     ; Connected to dangling logic. Logic that only feeds a dangling port will be removed.                                       ;
; RegDst  ; Output ; Warning  ; Output or bidir port (3 bits) is wider than the port expression (1 bits) it drives; bit(s) "RegDst[2..1]" have no fanouts ;
; RegDst  ; Output ; Info     ; Connected to dangling logic. Logic that only feeds a dangling port will be removed.                                       ;
+---------+--------+----------+---------------------------------------------------------------------------------------------------------------------------+


+--------------------------------------------------------------------------------------------------------------------------------------------------------------------------------+
; Port Connectivity Checks: "RegisterFile:RF"                                                                                                                                    ;
+----------+-------+----------+--------------------------------------------------------------------------------------------------------------------------------------------------+
; Port     ; Type  ; Severity ; Details                                                                                                                                          ;
+----------+-------+----------+--------------------------------------------------------------------------------------------------------------------------------------------------+
; WriteReg ; Input ; Warning  ; Input port expression (1 bits) is smaller than the input port (3 bits) it drives.  Extra input bit(s) "WriteReg[2..1]" will be connected to GND. ;
+----------+-------+----------+--------------------------------------------------------------------------------------------------------------------------------------------------+


+----------------------------------------------------------------------------------------------------------------------------+
; Port Connectivity Checks: "register:SZCV"                                                                                  ;
+------------------+--------+----------+-------------------------------------------------------------------------------------+
; Port             ; Type   ; Severity ; Details                                                                             ;
+------------------+--------+----------+-------------------------------------------------------------------------------------+
; WriteData[15..4] ; Input  ; Info     ; Stuck at GND                                                                        ;
; DataOut[15..4]   ; Output ; Info     ; Connected to dangling logic. Logic that only feeds a dangling port will be removed. ;
+------------------+--------+----------+-------------------------------------------------------------------------------------+


+---------------------------------------------------------------------------------------------------------------------------+
; Port Connectivity Checks: "register:IR"                                                                                   ;
+-----------------+--------+----------+-------------------------------------------------------------------------------------+
; Port            ; Type   ; Severity ; Details                                                                             ;
+-----------------+--------+----------+-------------------------------------------------------------------------------------+
; DataOut[15..14] ; Output ; Info     ; Connected to dangling logic. Logic that only feeds a dangling port will be removed. ;
+-----------------+--------+----------+-------------------------------------------------------------------------------------+


+-------------------------------+
; Analysis & Synthesis Messages ;
+-------------------------------+
Info: *******************************************************************
Info: Running Quartus Prime Analysis & Synthesis
    Info: Version 20.1.0 Build 711 06/05/2020 SJ Lite Edition
    Info: Processing started: Thu Apr 27 16:13:14 2023
Info: Command: quartus_map --read_settings_files=on --write_settings_files=off simple -c simple
Warning (18236): Number of processors has not been specified which may cause overloading on shared machines.  Set the global assignment NUM_PARALLEL_PROCESSORS in your QSF to an appropriate value for best performance.
Info (20030): Parallel compilation is enabled and will use 4 of the 4 processors detected
Warning (10229): Verilog HDL Expression warning at shifter.v(36): truncated literal to match 3 bits File: C:/Users/kazu4/2023-simple-2023-team23/simple/shifter.v Line: 36
Info (12021): Found 9 design units, including 9 entities, in source file simple.v
    Info (12023): Found entity 1: ALU File: C:/Users/kazu4/2023-simple-2023-team23/simple/ALU.v Line: 1
    Info (12023): Found entity 2: RegisterFile File: C:/Users/kazu4/2023-simple-2023-team23/simple/RegisterFile.v Line: 1
    Info (12023): Found entity 3: register File: C:/Users/kazu4/2023-simple-2023-team23/simple/register.v Line: 1
    Info (12023): Found entity 4: shifter File: C:/Users/kazu4/2023-simple-2023-team23/simple/shifter.v Line: 1
    Info (12023): Found entity 5: PC File: C:/Users/kazu4/2023-simple-2023-team23/simple/PC.v Line: 1
    Info (12023): Found entity 6: phasecounter File: C:/Users/kazu4/2023-simple-2023-team23/simple/phasecounter.v Line: 1
    Info (12023): Found entity 7: ctl File: C:/Users/kazu4/2023-simple-2023-team23/simple/ctl.v Line: 1
    Info (12023): Found entity 8: branch File: C:/Users/kazu4/2023-simple-2023-team23/simple/branch.v Line: 1
    Info (12023): Found entity 9: simple File: C:/Users/kazu4/2023-simple-2023-team23/simple/simple.v Line: 10
Info (12021): Found 1 design units, including 1 entities, in source file ram.v
    Info (12023): Found entity 1: ram File: C:/Users/kazu4/2023-simple-2023-team23/simple/ram.v Line: 40
Warning (10236): Verilog HDL Implicit Net warning at simple.v(56): created implicit net for "WriteReg" File: C:/Users/kazu4/2023-simple-2023-team23/simple/simple.v Line: 56
Warning (10236): Verilog HDL Implicit Net warning at simple.v(58): created implicit net for "opcode" File: C:/Users/kazu4/2023-simple-2023-team23/simple/simple.v Line: 58
Warning (10236): Verilog HDL Implicit Net warning at simple.v(58): created implicit net for "RegDst" File: C:/Users/kazu4/2023-simple-2023-team23/simple/simple.v Line: 58
Warning (10236): Verilog HDL Implicit Net warning at simple.v(60): created implicit net for "brch_sig" File: C:/Users/kazu4/2023-simple-2023-team23/simple/simple.v Line: 60
Warning (10236): Verilog HDL Implicit Net warning at simple.v(60): created implicit net for "PCIn" File: C:/Users/kazu4/2023-simple-2023-team23/simple/simple.v Line: 60
Info (12127): Elaborating entity "simple" for the top level hierarchy
Warning (10034): Output port "out" at simple.v(16) has no driver File: C:/Users/kazu4/2023-simple-2023-team23/simple/simple.v Line: 16
Info (12128): Elaborating entity "register" for hierarchy "register:IR" File: C:/Users/kazu4/2023-simple-2023-team23/simple/simple.v Line: 50
Info (12128): Elaborating entity "RegisterFile" for hierarchy "RegisterFile:RF" File: C:/Users/kazu4/2023-simple-2023-team23/simple/simple.v Line: 56
Info (12128): Elaborating entity "ALU" for hierarchy "ALU:ALU" File: C:/Users/kazu4/2023-simple-2023-team23/simple/simple.v Line: 57
Warning (10235): Verilog HDL Always Construct warning at ALU.v(13): variable "C" is read inside the Always Construct but isn't in the Always Construct's Event Control File: C:/Users/kazu4/2023-simple-2023-team23/simple/ALU.v Line: 13
Warning (10235): Verilog HDL Always Construct warning at ALU.v(20): variable "C" is read inside the Always Construct but isn't in the Always Construct's Event Control File: C:/Users/kazu4/2023-simple-2023-team23/simple/ALU.v Line: 20
Warning (10270): Verilog HDL Case Statement warning at ALU.v(10): incomplete case statement has no default case item File: C:/Users/kazu4/2023-simple-2023-team23/simple/ALU.v Line: 10
Warning (10235): Verilog HDL Always Construct warning at ALU.v(31): variable "C" is read inside the Always Construct but isn't in the Always Construct's Event Control File: C:/Users/kazu4/2023-simple-2023-team23/simple/ALU.v Line: 31
Warning (10235): Verilog HDL Always Construct warning at ALU.v(35): variable "C" is read inside the Always Construct but isn't in the Always Construct's Event Control File: C:/Users/kazu4/2023-simple-2023-team23/simple/ALU.v Line: 35
Warning (10235): Verilog HDL Always Construct warning at ALU.v(36): variable "C" is read inside the Always Construct but isn't in the Always Construct's Event Control File: C:/Users/kazu4/2023-simple-2023-team23/simple/ALU.v Line: 36
Warning (10240): Verilog HDL Always Construct warning at ALU.v(9): inferring latch(es) for variable "C", which holds its previous value in one or more paths through the always construct File: C:/Users/kazu4/2023-simple-2023-team23/simple/ALU.v Line: 9
Warning (10240): Verilog HDL Always Construct warning at ALU.v(9): inferring latch(es) for variable "cond", which holds its previous value in one or more paths through the always construct File: C:/Users/kazu4/2023-simple-2023-team23/simple/ALU.v Line: 9
Info (10041): Inferred latch for "cond[0]" at ALU.v(9) File: C:/Users/kazu4/2023-simple-2023-team23/simple/ALU.v Line: 9
Info (10041): Inferred latch for "C[0]" at ALU.v(9) File: C:/Users/kazu4/2023-simple-2023-team23/simple/ALU.v Line: 9
Info (10041): Inferred latch for "C[1]" at ALU.v(9) File: C:/Users/kazu4/2023-simple-2023-team23/simple/ALU.v Line: 9
Info (10041): Inferred latch for "C[2]" at ALU.v(9) File: C:/Users/kazu4/2023-simple-2023-team23/simple/ALU.v Line: 9
Info (10041): Inferred latch for "C[3]" at ALU.v(9) File: C:/Users/kazu4/2023-simple-2023-team23/simple/ALU.v Line: 9
Info (10041): Inferred latch for "C[4]" at ALU.v(9) File: C:/Users/kazu4/2023-simple-2023-team23/simple/ALU.v Line: 9
Info (10041): Inferred latch for "C[5]" at ALU.v(9) File: C:/Users/kazu4/2023-simple-2023-team23/simple/ALU.v Line: 9
Info (10041): Inferred latch for "C[6]" at ALU.v(9) File: C:/Users/kazu4/2023-simple-2023-team23/simple/ALU.v Line: 9
Info (10041): Inferred latch for "C[7]" at ALU.v(9) File: C:/Users/kazu4/2023-simple-2023-team23/simple/ALU.v Line: 9
Info (10041): Inferred latch for "C[8]" at ALU.v(9) File: C:/Users/kazu4/2023-simple-2023-team23/simple/ALU.v Line: 9
Info (10041): Inferred latch for "C[9]" at ALU.v(9) File: C:/Users/kazu4/2023-simple-2023-team23/simple/ALU.v Line: 9
Info (10041): Inferred latch for "C[10]" at ALU.v(9) File: C:/Users/kazu4/2023-simple-2023-team23/simple/ALU.v Line: 9
Info (10041): Inferred latch for "C[11]" at ALU.v(9) File: C:/Users/kazu4/2023-simple-2023-team23/simple/ALU.v Line: 9
Info (10041): Inferred latch for "C[12]" at ALU.v(9) File: C:/Users/kazu4/2023-simple-2023-team23/simple/ALU.v Line: 9
Info (10041): Inferred latch for "C[13]" at ALU.v(9) File: C:/Users/kazu4/2023-simple-2023-team23/simple/ALU.v Line: 9
Info (10041): Inferred latch for "C[14]" at ALU.v(9) File: C:/Users/kazu4/2023-simple-2023-team23/simple/ALU.v Line: 9
Info (10041): Inferred latch for "C[15]" at ALU.v(9) File: C:/Users/kazu4/2023-simple-2023-team23/simple/ALU.v Line: 9
Info (10041): Inferred latch for "C[16]" at ALU.v(9) File: C:/Users/kazu4/2023-simple-2023-team23/simple/ALU.v Line: 9
Info (12128): Elaborating entity "ctl" for hierarchy "ctl:ctl" File: C:/Users/kazu4/2023-simple-2023-team23/simple/simple.v Line: 58
Warning (10036): Verilog HDL or VHDL warning at ctl.v(10): object "inst_reg" assigned a value but never read File: C:/Users/kazu4/2023-simple-2023-team23/simple/ctl.v Line: 10
Info (12128): Elaborating entity "shifter" for hierarchy "shifter:sf" File: C:/Users/kazu4/2023-simple-2023-team23/simple/simple.v Line: 59
Warning (10235): Verilog HDL Always Construct warning at shifter.v(16): variable "C" is read inside the Always Construct but isn't in the Always Construct's Event Control File: C:/Users/kazu4/2023-simple-2023-team23/simple/shifter.v Line: 16
Warning (10235): Verilog HDL Always Construct warning at shifter.v(17): variable "C" is read inside the Always Construct but isn't in the Always Construct's Event Control File: C:/Users/kazu4/2023-simple-2023-team23/simple/shifter.v Line: 17
Warning (10230): Verilog HDL assignment warning at shifter.v(17): truncated value with size 3 to match size of target (2) File: C:/Users/kazu4/2023-simple-2023-team23/simple/shifter.v Line: 17
Warning (10235): Verilog HDL Always Construct warning at shifter.v(18): variable "C" is read inside the Always Construct but isn't in the Always Construct's Event Control File: C:/Users/kazu4/2023-simple-2023-team23/simple/shifter.v Line: 18
Warning (10230): Verilog HDL assignment warning at shifter.v(18): truncated value with size 4 to match size of target (3) File: C:/Users/kazu4/2023-simple-2023-team23/simple/shifter.v Line: 18
Warning (10235): Verilog HDL Always Construct warning at shifter.v(19): variable "C" is read inside the Always Construct but isn't in the Always Construct's Event Control File: C:/Users/kazu4/2023-simple-2023-team23/simple/shifter.v Line: 19
Warning (10230): Verilog HDL assignment warning at shifter.v(19): truncated value with size 5 to match size of target (4) File: C:/Users/kazu4/2023-simple-2023-team23/simple/shifter.v Line: 19
Warning (10235): Verilog HDL Always Construct warning at shifter.v(20): variable "C" is read inside the Always Construct but isn't in the Always Construct's Event Control File: C:/Users/kazu4/2023-simple-2023-team23/simple/shifter.v Line: 20
Warning (10230): Verilog HDL assignment warning at shifter.v(20): truncated value with size 6 to match size of target (5) File: C:/Users/kazu4/2023-simple-2023-team23/simple/shifter.v Line: 20
Warning (10235): Verilog HDL Always Construct warning at shifter.v(21): variable "C" is read inside the Always Construct but isn't in the Always Construct's Event Control File: C:/Users/kazu4/2023-simple-2023-team23/simple/shifter.v Line: 21
Warning (10230): Verilog HDL assignment warning at shifter.v(21): truncated value with size 7 to match size of target (6) File: C:/Users/kazu4/2023-simple-2023-team23/simple/shifter.v Line: 21
Warning (10235): Verilog HDL Always Construct warning at shifter.v(22): variable "C" is read inside the Always Construct but isn't in the Always Construct's Event Control File: C:/Users/kazu4/2023-simple-2023-team23/simple/shifter.v Line: 22
Warning (10230): Verilog HDL assignment warning at shifter.v(22): truncated value with size 8 to match size of target (7) File: C:/Users/kazu4/2023-simple-2023-team23/simple/shifter.v Line: 22
Warning (10235): Verilog HDL Always Construct warning at shifter.v(23): variable "C" is read inside the Always Construct but isn't in the Always Construct's Event Control File: C:/Users/kazu4/2023-simple-2023-team23/simple/shifter.v Line: 23
Warning (10230): Verilog HDL assignment warning at shifter.v(23): truncated value with size 9 to match size of target (8) File: C:/Users/kazu4/2023-simple-2023-team23/simple/shifter.v Line: 23
Warning (10235): Verilog HDL Always Construct warning at shifter.v(24): variable "C" is read inside the Always Construct but isn't in the Always Construct's Event Control File: C:/Users/kazu4/2023-simple-2023-team23/simple/shifter.v Line: 24
Warning (10230): Verilog HDL assignment warning at shifter.v(24): truncated value with size 10 to match size of target (9) File: C:/Users/kazu4/2023-simple-2023-team23/simple/shifter.v Line: 24
Warning (10235): Verilog HDL Always Construct warning at shifter.v(25): variable "C" is read inside the Always Construct but isn't in the Always Construct's Event Control File: C:/Users/kazu4/2023-simple-2023-team23/simple/shifter.v Line: 25
Warning (10230): Verilog HDL assignment warning at shifter.v(25): truncated value with size 11 to match size of target (10) File: C:/Users/kazu4/2023-simple-2023-team23/simple/shifter.v Line: 25
Warning (10235): Verilog HDL Always Construct warning at shifter.v(26): variable "C" is read inside the Always Construct but isn't in the Always Construct's Event Control File: C:/Users/kazu4/2023-simple-2023-team23/simple/shifter.v Line: 26
Warning (10230): Verilog HDL assignment warning at shifter.v(26): truncated value with size 12 to match size of target (11) File: C:/Users/kazu4/2023-simple-2023-team23/simple/shifter.v Line: 26
Warning (10235): Verilog HDL Always Construct warning at shifter.v(27): variable "C" is read inside the Always Construct but isn't in the Always Construct's Event Control File: C:/Users/kazu4/2023-simple-2023-team23/simple/shifter.v Line: 27
Warning (10230): Verilog HDL assignment warning at shifter.v(27): truncated value with size 13 to match size of target (12) File: C:/Users/kazu4/2023-simple-2023-team23/simple/shifter.v Line: 27
Warning (10235): Verilog HDL Always Construct warning at shifter.v(28): variable "C" is read inside the Always Construct but isn't in the Always Construct's Event Control File: C:/Users/kazu4/2023-simple-2023-team23/simple/shifter.v Line: 28
Warning (10230): Verilog HDL assignment warning at shifter.v(28): truncated value with size 14 to match size of target (13) File: C:/Users/kazu4/2023-simple-2023-team23/simple/shifter.v Line: 28
Warning (10235): Verilog HDL Always Construct warning at shifter.v(29): variable "C" is read inside the Always Construct but isn't in the Always Construct's Event Control File: C:/Users/kazu4/2023-simple-2023-team23/simple/shifter.v Line: 29
Warning (10230): Verilog HDL assignment warning at shifter.v(29): truncated value with size 15 to match size of target (14) File: C:/Users/kazu4/2023-simple-2023-team23/simple/shifter.v Line: 29
Warning (10235): Verilog HDL Always Construct warning at shifter.v(30): variable "C" is read inside the Always Construct but isn't in the Always Construct's Event Control File: C:/Users/kazu4/2023-simple-2023-team23/simple/shifter.v Line: 30
Warning (10230): Verilog HDL assignment warning at shifter.v(30): truncated value with size 16 to match size of target (15) File: C:/Users/kazu4/2023-simple-2023-team23/simple/shifter.v Line: 30
Warning (10270): Verilog HDL Case Statement warning at shifter.v(15): incomplete case statement has no default case item File: C:/Users/kazu4/2023-simple-2023-team23/simple/shifter.v Line: 15
Warning (10270): Verilog HDL Case Statement warning at shifter.v(11): incomplete case statement has no default case item File: C:/Users/kazu4/2023-simple-2023-team23/simple/shifter.v Line: 11
Warning (10235): Verilog HDL Always Construct warning at shifter.v(39): variable "C" is read inside the Always Construct but isn't in the Always Construct's Event Control File: C:/Users/kazu4/2023-simple-2023-team23/simple/shifter.v Line: 39
Warning (10235): Verilog HDL Always Construct warning at shifter.v(40): variable "C" is read inside the Always Construct but isn't in the Always Construct's Event Control File: C:/Users/kazu4/2023-simple-2023-team23/simple/shifter.v Line: 40
Warning (10235): Verilog HDL Always Construct warning at shifter.v(45): variable "C" is read inside the Always Construct but isn't in the Always Construct's Event Control File: C:/Users/kazu4/2023-simple-2023-team23/simple/shifter.v Line: 45
Warning (10240): Verilog HDL Always Construct warning at shifter.v(10): inferring latch(es) for variable "C", which holds its previous value in one or more paths through the always construct File: C:/Users/kazu4/2023-simple-2023-team23/simple/shifter.v Line: 10
Info (10041): Inferred latch for "C[0]" at shifter.v(10) File: C:/Users/kazu4/2023-simple-2023-team23/simple/shifter.v Line: 10
Info (10041): Inferred latch for "C[1]" at shifter.v(10) File: C:/Users/kazu4/2023-simple-2023-team23/simple/shifter.v Line: 10
Info (10041): Inferred latch for "C[2]" at shifter.v(10) File: C:/Users/kazu4/2023-simple-2023-team23/simple/shifter.v Line: 10
Info (10041): Inferred latch for "C[3]" at shifter.v(10) File: C:/Users/kazu4/2023-simple-2023-team23/simple/shifter.v Line: 10
Info (10041): Inferred latch for "C[4]" at shifter.v(10) File: C:/Users/kazu4/2023-simple-2023-team23/simple/shifter.v Line: 10
Info (10041): Inferred latch for "C[5]" at shifter.v(10) File: C:/Users/kazu4/2023-simple-2023-team23/simple/shifter.v Line: 10
Info (10041): Inferred latch for "C[6]" at shifter.v(10) File: C:/Users/kazu4/2023-simple-2023-team23/simple/shifter.v Line: 10
Info (10041): Inferred latch for "C[7]" at shifter.v(10) File: C:/Users/kazu4/2023-simple-2023-team23/simple/shifter.v Line: 10
Info (10041): Inferred latch for "C[8]" at shifter.v(10) File: C:/Users/kazu4/2023-simple-2023-team23/simple/shifter.v Line: 10
Info (10041): Inferred latch for "C[9]" at shifter.v(10) File: C:/Users/kazu4/2023-simple-2023-team23/simple/shifter.v Line: 10
Info (10041): Inferred latch for "C[10]" at shifter.v(10) File: C:/Users/kazu4/2023-simple-2023-team23/simple/shifter.v Line: 10
Info (10041): Inferred latch for "C[11]" at shifter.v(10) File: C:/Users/kazu4/2023-simple-2023-team23/simple/shifter.v Line: 10
Info (10041): Inferred latch for "C[12]" at shifter.v(10) File: C:/Users/kazu4/2023-simple-2023-team23/simple/shifter.v Line: 10
Info (10041): Inferred latch for "C[13]" at shifter.v(10) File: C:/Users/kazu4/2023-simple-2023-team23/simple/shifter.v Line: 10
Info (10041): Inferred latch for "C[14]" at shifter.v(10) File: C:/Users/kazu4/2023-simple-2023-team23/simple/shifter.v Line: 10
Info (10041): Inferred latch for "C[15]" at shifter.v(10) File: C:/Users/kazu4/2023-simple-2023-team23/simple/shifter.v Line: 10
Info (10041): Inferred latch for "C[16]" at shifter.v(10) File: C:/Users/kazu4/2023-simple-2023-team23/simple/shifter.v Line: 10
Info (10041): Inferred latch for "C[17]" at shifter.v(10) File: C:/Users/kazu4/2023-simple-2023-team23/simple/shifter.v Line: 10
Info (10041): Inferred latch for "C[18]" at shifter.v(10) File: C:/Users/kazu4/2023-simple-2023-team23/simple/shifter.v Line: 10
Info (10041): Inferred latch for "C[19]" at shifter.v(10) File: C:/Users/kazu4/2023-simple-2023-team23/simple/shifter.v Line: 10
Info (10041): Inferred latch for "C[20]" at shifter.v(10) File: C:/Users/kazu4/2023-simple-2023-team23/simple/shifter.v Line: 10
Info (10041): Inferred latch for "C[21]" at shifter.v(10) File: C:/Users/kazu4/2023-simple-2023-team23/simple/shifter.v Line: 10
Info (10041): Inferred latch for "C[22]" at shifter.v(10) File: C:/Users/kazu4/2023-simple-2023-team23/simple/shifter.v Line: 10
Info (10041): Inferred latch for "C[23]" at shifter.v(10) File: C:/Users/kazu4/2023-simple-2023-team23/simple/shifter.v Line: 10
Info (10041): Inferred latch for "C[24]" at shifter.v(10) File: C:/Users/kazu4/2023-simple-2023-team23/simple/shifter.v Line: 10
Info (10041): Inferred latch for "C[25]" at shifter.v(10) File: C:/Users/kazu4/2023-simple-2023-team23/simple/shifter.v Line: 10
Info (10041): Inferred latch for "C[26]" at shifter.v(10) File: C:/Users/kazu4/2023-simple-2023-team23/simple/shifter.v Line: 10
Info (10041): Inferred latch for "C[27]" at shifter.v(10) File: C:/Users/kazu4/2023-simple-2023-team23/simple/shifter.v Line: 10
Info (10041): Inferred latch for "C[28]" at shifter.v(10) File: C:/Users/kazu4/2023-simple-2023-team23/simple/shifter.v Line: 10
Info (10041): Inferred latch for "C[29]" at shifter.v(10) File: C:/Users/kazu4/2023-simple-2023-team23/simple/shifter.v Line: 10
Info (10041): Inferred latch for "C[30]" at shifter.v(10) File: C:/Users/kazu4/2023-simple-2023-team23/simple/shifter.v Line: 10
Info (10041): Inferred latch for "C[31]" at shifter.v(10) File: C:/Users/kazu4/2023-simple-2023-team23/simple/shifter.v Line: 10
Info (12128): Elaborating entity "PC" for hierarchy "PC:PC" File: C:/Users/kazu4/2023-simple-2023-team23/simple/simple.v Line: 60
Warning (10230): Verilog HDL assignment warning at PC.v(9): truncated value with size 32 to match size of target (16) File: C:/Users/kazu4/2023-simple-2023-team23/simple/PC.v Line: 9
Warning (10230): Verilog HDL assignment warning at PC.v(20): truncated value with size 32 to match size of target (16) File: C:/Users/kazu4/2023-simple-2023-team23/simple/PC.v Line: 20
Info (12128): Elaborating entity "phasecounter" for hierarchy "phasecounter:a0" File: C:/Users/kazu4/2023-simple-2023-team23/simple/simple.v Line: 61
Warning (10230): Verilog HDL assignment warning at phasecounter.v(10): truncated value with size 32 to match size of target (3) File: C:/Users/kazu4/2023-simple-2023-team23/simple/phasecounter.v Line: 10
Info (12128): Elaborating entity "branch" for hierarchy "branch:br" File: C:/Users/kazu4/2023-simple-2023-team23/simple/simple.v Line: 62
Warning (10036): Verilog HDL or VHDL warning at branch.v(5): object "c" assigned a value but never read File: C:/Users/kazu4/2023-simple-2023-team23/simple/branch.v Line: 5
Info (12128): Elaborating entity "ram" for hierarchy "ram:ram" File: C:/Users/kazu4/2023-simple-2023-team23/simple/simple.v Line: 63
Info (12128): Elaborating entity "altsyncram" for hierarchy "ram:ram|altsyncram:altsyncram_component" File: C:/Users/kazu4/2023-simple-2023-team23/simple/ram.v Line: 86
Info (12130): Elaborated megafunction instantiation "ram:ram|altsyncram:altsyncram_component" File: C:/Users/kazu4/2023-simple-2023-team23/simple/ram.v Line: 86
Info (12133): Instantiated megafunction "ram:ram|altsyncram:altsyncram_component" with the following parameter: File: C:/Users/kazu4/2023-simple-2023-team23/simple/ram.v Line: 86
    Info (12134): Parameter "clock_enable_input_a" = "BYPASS"
    Info (12134): Parameter "clock_enable_output_a" = "BYPASS"
    Info (12134): Parameter "init_file" = "BubbleSort.mif"
    Info (12134): Parameter "intended_device_family" = "Cyclone IV E"
    Info (12134): Parameter "lpm_hint" = "ENABLE_RUNTIME_MOD=YES,INSTANCE_NAME=NONE"
    Info (12134): Parameter "lpm_type" = "altsyncram"
    Info (12134): Parameter "numwords_a" = "4096"
    Info (12134): Parameter "operation_mode" = "SINGLE_PORT"
    Info (12134): Parameter "outdata_aclr_a" = "NONE"
    Info (12134): Parameter "outdata_reg_a" = "UNREGISTERED"
    Info (12134): Parameter "power_up_uninitialized" = "FALSE"
    Info (12134): Parameter "read_during_write_mode_port_a" = "NEW_DATA_NO_NBE_READ"
    Info (12134): Parameter "widthad_a" = "12"
    Info (12134): Parameter "width_a" = "16"
    Info (12134): Parameter "width_byteena_a" = "1"
Info (12021): Found 1 design units, including 1 entities, in source file db/altsyncram_3qk1.tdf
    Info (12023): Found entity 1: altsyncram_3qk1 File: C:/Users/kazu4/2023-simple-2023-team23/simple/db/altsyncram_3qk1.tdf Line: 28
Info (12128): Elaborating entity "altsyncram_3qk1" for hierarchy "ram:ram|altsyncram:altsyncram_component|altsyncram_3qk1:auto_generated" File: c:/intelfpga_lite/20.1/quartus/libraries/megafunctions/altsyncram.tdf Line: 792
Info (12021): Found 1 design units, including 1 entities, in source file db/altsyncram_14b2.tdf
    Info (12023): Found entity 1: altsyncram_14b2 File: C:/Users/kazu4/2023-simple-2023-team23/simple/db/altsyncram_14b2.tdf Line: 28
Info (12128): Elaborating entity "altsyncram_14b2" for hierarchy "ram:ram|altsyncram:altsyncram_component|altsyncram_3qk1:auto_generated|altsyncram_14b2:altsyncram1" File: C:/Users/kazu4/2023-simple-2023-team23/simple/db/altsyncram_3qk1.tdf Line: 37
Info (12128): Elaborating entity "sld_mod_ram_rom" for hierarchy "ram:ram|altsyncram:altsyncram_component|altsyncram_3qk1:auto_generated|sld_mod_ram_rom:mgl_prim2" File: C:/Users/kazu4/2023-simple-2023-team23/simple/db/altsyncram_3qk1.tdf Line: 38
Info (12130): Elaborated megafunction instantiation "ram:ram|altsyncram:altsyncram_component|altsyncram_3qk1:auto_generated|sld_mod_ram_rom:mgl_prim2" File: C:/Users/kazu4/2023-simple-2023-team23/simple/db/altsyncram_3qk1.tdf Line: 38
Info (12133): Instantiated megafunction "ram:ram|altsyncram:altsyncram_component|altsyncram_3qk1:auto_generated|sld_mod_ram_rom:mgl_prim2" with the following parameter: File: C:/Users/kazu4/2023-simple-2023-team23/simple/db/altsyncram_3qk1.tdf Line: 38
    Info (12134): Parameter "CVALUE" = "0000000000000000"
    Info (12134): Parameter "IS_DATA_IN_RAM" = "1"
    Info (12134): Parameter "IS_READABLE" = "1"
    Info (12134): Parameter "NODE_NAME" = "0"
    Info (12134): Parameter "NUMWORDS" = "4096"
    Info (12134): Parameter "SHIFT_COUNT_BITS" = "5"
    Info (12134): Parameter "WIDTH_WORD" = "16"
    Info (12134): Parameter "WIDTHAD" = "12"
Info (12128): Elaborating entity "sld_jtag_endpoint_adapter" for hierarchy "ram:ram|altsyncram:altsyncram_component|altsyncram_3qk1:auto_generated|sld_mod_ram_rom:mgl_prim2|sld_jtag_endpoint_adapter:jtag_signal_adapter" File: c:/intelfpga_lite/20.1/quartus/libraries/megafunctions/sld_mod_ram_rom.vhd Line: 302
Info (12128): Elaborating entity "sld_jtag_endpoint_adapter_impl" for hierarchy "ram:ram|altsyncram:altsyncram_component|altsyncram_3qk1:auto_generated|sld_mod_ram_rom:mgl_prim2|sld_jtag_endpoint_adapter:jtag_signal_adapter|sld_jtag_endpoint_adapter_impl:sld_jtag_endpoint_adapter_impl_inst" File: c:/intelfpga_lite/20.1/quartus/libraries/megafunctions/sld_jtag_endpoint_adapter.vhd Line: 232
Info (12128): Elaborating entity "sld_rom_sr" for hierarchy "ram:ram|altsyncram:altsyncram_component|altsyncram_3qk1:auto_generated|sld_mod_ram_rom:mgl_prim2|sld_rom_sr:\ram_rom_logic_gen:no_name_gen:info_rom_sr" File: c:/intelfpga_lite/20.1/quartus/libraries/megafunctions/sld_mod_ram_rom.vhd Line: 799
Warning (12011): Net is missing source, defaulting to GND
    Warning (12110): Net "Inst[15]" is missing source, defaulting to GND File: C:/Users/kazu4/2023-simple-2023-team23/simple/simple.v Line: 44
    Warning (12110): Net "Inst[14]" is missing source, defaulting to GND File: C:/Users/kazu4/2023-simple-2023-team23/simple/simple.v Line: 44
    Warning (12110): Net "Inst[13]" is missing source, defaulting to GND File: C:/Users/kazu4/2023-simple-2023-team23/simple/simple.v Line: 44
    Warning (12110): Net "Inst[12]" is missing source, defaulting to GND File: C:/Users/kazu4/2023-simple-2023-team23/simple/simple.v Line: 44
    Warning (12110): Net "Inst[11]" is missing source, defaulting to GND File: C:/Users/kazu4/2023-simple-2023-team23/simple/simple.v Line: 44
    Warning (12110): Net "Inst[10]" is missing source, defaulting to GND File: C:/Users/kazu4/2023-simple-2023-team23/simple/simple.v Line: 44
    Warning (12110): Net "Inst[9]" is missing source, defaulting to GND File: C:/Users/kazu4/2023-simple-2023-team23/simple/simple.v Line: 44
    Warning (12110): Net "Inst[8]" is missing source, defaulting to GND File: C:/Users/kazu4/2023-simple-2023-team23/simple/simple.v Line: 44
    Warning (12110): Net "Inst[7]" is missing source, defaulting to GND File: C:/Users/kazu4/2023-simple-2023-team23/simple/simple.v Line: 44
    Warning (12110): Net "Inst[6]" is missing source, defaulting to GND File: C:/Users/kazu4/2023-simple-2023-team23/simple/simple.v Line: 44
    Warning (12110): Net "Inst[5]" is missing source, defaulting to GND File: C:/Users/kazu4/2023-simple-2023-team23/simple/simple.v Line: 44
    Warning (12110): Net "Inst[4]" is missing source, defaulting to GND File: C:/Users/kazu4/2023-simple-2023-team23/simple/simple.v Line: 44
    Warning (12110): Net "Inst[3]" is missing source, defaulting to GND File: C:/Users/kazu4/2023-simple-2023-team23/simple/simple.v Line: 44
    Warning (12110): Net "Inst[2]" is missing source, defaulting to GND File: C:/Users/kazu4/2023-simple-2023-team23/simple/simple.v Line: 44
    Warning (12110): Net "Inst[1]" is missing source, defaulting to GND File: C:/Users/kazu4/2023-simple-2023-team23/simple/simple.v Line: 44
    Warning (12110): Net "Inst[0]" is missing source, defaulting to GND File: C:/Users/kazu4/2023-simple-2023-team23/simple/simple.v Line: 44
Info (11170): Starting IP generation for the debug fabric: alt_sld_fab.
Info (11172): 2023.04.27.16:13:33 Progress: Loading sld6c6326ae/alt_sld_fab_wrapper_hw.tcl
Info (11172): Alt_sld_fab.alt_sld_fab: SLD fabric agents which did not specify prefer_host were connected to JTAG
Info (11172): Alt_sld_fab: Generating alt_sld_fab "alt_sld_fab" for QUARTUS_SYNTH
Info (11172): Alt_sld_fab: "alt_sld_fab" instantiated alt_sld_fab "alt_sld_fab"
Info (11172): Presplit: "alt_sld_fab" instantiated altera_super_splitter "presplit"
Info (11172): Splitter: "alt_sld_fab" instantiated altera_sld_splitter "splitter"
Info (11172): Sldfabric: "alt_sld_fab" instantiated altera_sld_jtag_hub "sldfabric"
Info (11172): Ident: "alt_sld_fab" instantiated altera_connection_identification_hub "ident"
Info (11172): Alt_sld_fab: Done "alt_sld_fab" with 6 modules, 6 files
Info (11171): Finished IP generation for the debug fabric: alt_sld_fab.
Info (12021): Found 1 design units, including 1 entities, in source file db/ip/sld6c6326ae/alt_sld_fab.v
    Info (12023): Found entity 1: alt_sld_fab File: C:/Users/kazu4/2023-simple-2023-team23/simple/db/ip/sld6c6326ae/alt_sld_fab.v Line: 9
Info (12021): Found 1 design units, including 1 entities, in source file db/ip/sld6c6326ae/submodules/alt_sld_fab_alt_sld_fab.v
    Info (12023): Found entity 1: alt_sld_fab_alt_sld_fab File: C:/Users/kazu4/2023-simple-2023-team23/simple/db/ip/sld6c6326ae/submodules/alt_sld_fab_alt_sld_fab.v Line: 9
Info (12021): Found 1 design units, including 1 entities, in source file db/ip/sld6c6326ae/submodules/alt_sld_fab_alt_sld_fab_ident.sv
    Info (12023): Found entity 1: alt_sld_fab_alt_sld_fab_ident File: C:/Users/kazu4/2023-simple-2023-team23/simple/db/ip/sld6c6326ae/submodules/alt_sld_fab_alt_sld_fab_ident.sv Line: 33
Info (12021): Found 1 design units, including 1 entities, in source file db/ip/sld6c6326ae/submodules/alt_sld_fab_alt_sld_fab_presplit.sv
    Info (12023): Found entity 1: alt_sld_fab_alt_sld_fab_presplit File: C:/Users/kazu4/2023-simple-2023-team23/simple/db/ip/sld6c6326ae/submodules/alt_sld_fab_alt_sld_fab_presplit.sv Line: 3
Info (12021): Found 2 design units, including 1 entities, in source file db/ip/sld6c6326ae/submodules/alt_sld_fab_alt_sld_fab_sldfabric.vhd
    Info (12022): Found design unit 1: alt_sld_fab_alt_sld_fab_sldfabric-rtl File: C:/Users/kazu4/2023-simple-2023-team23/simple/db/ip/sld6c6326ae/submodules/alt_sld_fab_alt_sld_fab_sldfabric.vhd Line: 102
    Info (12023): Found entity 1: alt_sld_fab_alt_sld_fab_sldfabric File: C:/Users/kazu4/2023-simple-2023-team23/simple/db/ip/sld6c6326ae/submodules/alt_sld_fab_alt_sld_fab_sldfabric.vhd Line: 11
Info (12021): Found 1 design units, including 1 entities, in source file db/ip/sld6c6326ae/submodules/alt_sld_fab_alt_sld_fab_splitter.sv
    Info (12023): Found entity 1: alt_sld_fab_alt_sld_fab_splitter File: C:/Users/kazu4/2023-simple-2023-team23/simple/db/ip/sld6c6326ae/submodules/alt_sld_fab_alt_sld_fab_splitter.sv Line: 3
Error (12014): Net "ce", which fans out to "PC:PC|ce", cannot be assigned more than one value File: C:/Users/kazu4/2023-simple-2023-team23/simple/simple.v Line: 32
    Error (12015): Net is fed by "VCC"
    Error (12015): Net is fed by "ctl:ctl|Halt" File: C:/Users/kazu4/2023-simple-2023-team23/simple/ctl.v Line: 4
Warning (12241): 6 hierarchies have connectivity warnings - see the Connectivity Checks report folder
Info (144001): Generated suppressed messages file C:/Users/kazu4/2023-simple-2023-team23/simple/output_files/simple.map.smsg
Error: Quartus Prime Analysis & Synthesis was unsuccessful. 3 errors, 74 warnings
    Error: Peak virtual memory: 4814 megabytes
    Error: Processing ended: Thu Apr 27 16:13:55 2023
    Error: Elapsed time: 00:00:41
    Error: Total CPU time (on all processors): 00:00:32


+------------------------------------------+
; Analysis & Synthesis Suppressed Messages ;
+------------------------------------------+
The suppressed messages can be found in C:/Users/kazu4/2023-simple-2023-team23/simple/output_files/simple.map.smsg.


