Analysis & Synthesis report for display
Fri Apr 28 10:08:11 2023
Quartus Prime Version 20.1.0 Build 711 06/05/2020 SJ Standard Edition


---------------------
; Table of Contents ;
---------------------
  1. Legal Notice
  2. Analysis & Synthesis Summary
  3. Analysis & Synthesis Settings
  4. Parallel Compilation
  5. Analysis & Synthesis Source Files Read
  6. Analysis & Synthesis Resource Usage Summary
  7. Analysis & Synthesis Resource Utilization by Entity
  8. General Register Statistics
  9. Multiplexer Restructuring Statistics (Restructuring Performed)
 10. Post-Synthesis Netlist Statistics for Top Partition
 11. Elapsed Time Per Partition
 12. Analysis & Synthesis Messages
 13. Analysis & Synthesis Suppressed Messages



----------------
; Legal Notice ;
----------------
Copyright (C) 2020  Intel Corporation. All rights reserved.
Your use of Intel Corporation's design tools, logic functions 
and other software and tools, and any partner logic 
functions, and any output files from any of the foregoing 
(including device programming or simulation files), and any 
associated documentation or information are expressly subject 
to the terms and conditions of the Intel Program License 
Subscription Agreement, the Intel Quartus Prime License Agreement,
the Intel FPGA IP License Agreement, or other applicable license
agreement, including, without limitation, that your use is for
the sole purpose of programming logic devices manufactured by
Intel and sold by Intel or its authorized distributors.  Please
refer to the applicable agreement for further details, at
https://fpgasoftware.intel.com/eula.



+--------------------------------------------------------------------------------------+
; Analysis & Synthesis Summary                                                         ;
+------------------------------------+-------------------------------------------------+
; Analysis & Synthesis Status        ; Successful - Fri Apr 28 10:08:11 2023           ;
; Quartus Prime Version              ; 20.1.0 Build 711 06/05/2020 SJ Standard Edition ;
; Revision Name                      ; display                                         ;
; Top-level Entity Name              ; display                                         ;
; Family                             ; Cyclone IV E                                    ;
; Total logic elements               ; 406                                             ;
;     Total combinational functions  ; 406                                             ;
;     Dedicated logic registers      ; 4                                               ;
; Total registers                    ; 4                                               ;
; Total pins                         ; 198                                             ;
; Total virtual pins                 ; 0                                               ;
; Total memory bits                  ; 0                                               ;
; Embedded Multiplier 9-bit elements ; 0                                               ;
; Total PLLs                         ; 0                                               ;
+------------------------------------+-------------------------------------------------+


+------------------------------------------------------------------------------------------------------------+
; Analysis & Synthesis Settings                                                                              ;
+------------------------------------------------------------------+--------------------+--------------------+
; Option                                                           ; Setting            ; Default Value      ;
+------------------------------------------------------------------+--------------------+--------------------+
; Device                                                           ; EP4CE30F23I7       ;                    ;
; Top-level entity name                                            ; display            ; display            ;
; Family name                                                      ; Cyclone IV E       ; Cyclone V          ;
; Use smart compilation                                            ; Off                ; Off                ;
; Enable parallel Assembler and Timing Analyzer during compilation ; On                 ; On                 ;
; Enable compact report table                                      ; Off                ; Off                ;
; Restructure Multiplexers                                         ; Auto               ; Auto               ;
; Create Debugging Nodes for IP Cores                              ; Off                ; Off                ;
; Preserve fewer node names                                        ; On                 ; On                 ;
; Intel FPGA IP Evaluation Mode                                    ; Enable             ; Enable             ;
; Verilog Version                                                  ; Verilog_2001       ; Verilog_2001       ;
; VHDL Version                                                     ; VHDL_1993          ; VHDL_1993          ;
; State Machine Processing                                         ; Auto               ; Auto               ;
; Safe State Machine                                               ; Off                ; Off                ;
; Extract Verilog State Machines                                   ; On                 ; On                 ;
; Extract VHDL State Machines                                      ; On                 ; On                 ;
; Ignore Verilog initial constructs                                ; Off                ; Off                ;
; Iteration limit for constant Verilog loops                       ; 5000               ; 5000               ;
; Iteration limit for non-constant Verilog loops                   ; 250                ; 250                ;
; Add Pass-Through Logic to Inferred RAMs                          ; On                 ; On                 ;
; Infer RAMs from Raw Logic                                        ; On                 ; On                 ;
; Parallel Synthesis                                               ; On                 ; On                 ;
; DSP Block Balancing                                              ; Auto               ; Auto               ;
; NOT Gate Push-Back                                               ; On                 ; On                 ;
; Power-Up Don't Care                                              ; On                 ; On                 ;
; Remove Redundant Logic Cells                                     ; Off                ; Off                ;
; Remove Duplicate Registers                                       ; On                 ; On                 ;
; Ignore CARRY Buffers                                             ; Off                ; Off                ;
; Ignore CASCADE Buffers                                           ; Off                ; Off                ;
; Ignore GLOBAL Buffers                                            ; Off                ; Off                ;
; Ignore ROW GLOBAL Buffers                                        ; Off                ; Off                ;
; Ignore LCELL Buffers                                             ; Off                ; Off                ;
; Ignore SOFT Buffers                                              ; On                 ; On                 ;
; Limit AHDL Integers to 32 Bits                                   ; Off                ; Off                ;
; Optimization Technique                                           ; Balanced           ; Balanced           ;
; Carry Chain Length                                               ; 70                 ; 70                 ;
; Auto Carry Chains                                                ; On                 ; On                 ;
; Auto Open-Drain Pins                                             ; On                 ; On                 ;
; Perform WYSIWYG Primitive Resynthesis                            ; Off                ; Off                ;
; Auto ROM Replacement                                             ; On                 ; On                 ;
; Auto RAM Replacement                                             ; On                 ; On                 ;
; Auto DSP Block Replacement                                       ; On                 ; On                 ;
; Auto Shift Register Replacement                                  ; Auto               ; Auto               ;
; Allow Shift Register Merging across Hierarchies                  ; Auto               ; Auto               ;
; Auto Clock Enable Replacement                                    ; On                 ; On                 ;
; Strict RAM Replacement                                           ; Off                ; Off                ;
; Allow Synchronous Control Signals                                ; On                 ; On                 ;
; Force Use of Synchronous Clear Signals                           ; Off                ; Off                ;
; Auto RAM Block Balancing                                         ; On                 ; On                 ;
; Auto RAM to Logic Cell Conversion                                ; Off                ; Off                ;
; Auto Resource Sharing                                            ; Off                ; Off                ;
; Allow Any RAM Size For Recognition                               ; Off                ; Off                ;
; Allow Any ROM Size For Recognition                               ; Off                ; Off                ;
; Allow Any Shift Register Size For Recognition                    ; Off                ; Off                ;
; Use LogicLock Constraints during Resource Balancing              ; On                 ; On                 ;
; Ignore translate_off and synthesis_off directives                ; Off                ; Off                ;
; Timing-Driven Synthesis                                          ; On                 ; On                 ;
; Report Parameter Settings                                        ; On                 ; On                 ;
; Report Source Assignments                                        ; On                 ; On                 ;
; Report Connectivity Checks                                       ; On                 ; On                 ;
; Ignore Maximum Fan-Out Assignments                               ; Off                ; Off                ;
; Synchronization Register Chain Length                            ; 2                  ; 2                  ;
; Power Optimization During Synthesis                              ; Normal compilation ; Normal compilation ;
; HDL message level                                                ; Level2             ; Level2             ;
; Suppress Register Optimization Related Messages                  ; Off                ; Off                ;
; Number of Removed Registers Reported in Synthesis Report         ; 5000               ; 5000               ;
; Number of Swept Nodes Reported in Synthesis Report               ; 5000               ; 5000               ;
; Number of Inverted Registers Reported in Synthesis Report        ; 100                ; 100                ;
; Clock MUX Protection                                             ; On                 ; On                 ;
; Auto Gated Clock Conversion                                      ; Off                ; Off                ;
; Block Design Naming                                              ; Auto               ; Auto               ;
; SDC constraint protection                                        ; Off                ; Off                ;
; Synthesis Effort                                                 ; Auto               ; Auto               ;
; Shift Register Replacement - Allow Asynchronous Clear Signal     ; On                 ; On                 ;
; Pre-Mapping Resynthesis Optimization                             ; Off                ; Off                ;
; Analysis & Synthesis Message Level                               ; Medium             ; Medium             ;
; Disable Register Merging Across Hierarchies                      ; Auto               ; Auto               ;
; Resource Aware Inference For Block RAM                           ; On                 ; On                 ;
+------------------------------------------------------------------+--------------------+--------------------+


+------------------------------------------+
; Parallel Compilation                     ;
+----------------------------+-------------+
; Processors                 ; Number      ;
+----------------------------+-------------+
; Number detected on machine ; 20          ;
; Maximum allowed            ; 12          ;
;                            ;             ;
; Average used               ; 1.00        ;
; Maximum used               ; 12          ;
;                            ;             ;
; Usage by Processor         ; % Time Used ;
;     Processor 1            ; 100.0%      ;
;     Processors 2-12        ;   0.0%      ;
+----------------------------+-------------+


+--------------------------------------------------------------------------------------------------------------------------------------------------------------------+
; Analysis & Synthesis Source Files Read                                                                                                                             ;
+----------------------------------+-----------------+------------------------+----------------------------------------------------------------------------+---------+
; File Name with User-Entered Path ; Used in Netlist ; File Type              ; File Name with Absolute Path                                               ; Library ;
+----------------------------------+-----------------+------------------------+----------------------------------------------------------------------------+---------+
; display.v                        ; yes             ; User Verilog HDL File  ; /export/home/021/a0211195/simple/2023-simple-2023-team23/display/display.v ;         ;
+----------------------------------+-----------------+------------------------+----------------------------------------------------------------------------+---------+


+--------------------------------------------------------+
; Analysis & Synthesis Resource Usage Summary            ;
+---------------------------------------------+----------+
; Resource                                    ; Usage    ;
+---------------------------------------------+----------+
; Estimated Total logic elements              ; 406      ;
;                                             ;          ;
; Total combinational functions               ; 406      ;
; Logic element usage by number of LUT inputs ;          ;
;     -- 4 input functions                    ; 361      ;
;     -- 3 input functions                    ; 10       ;
;     -- <=2 input functions                  ; 35       ;
;                                             ;          ;
; Logic elements by mode                      ;          ;
;     -- normal mode                          ; 406      ;
;     -- arithmetic mode                      ; 0        ;
;                                             ;          ;
; Total registers                             ; 4        ;
;     -- Dedicated logic registers            ; 4        ;
;     -- I/O registers                        ; 0        ;
;                                             ;          ;
; I/O pins                                    ; 198      ;
;                                             ;          ;
; Embedded Multiplier 9-bit elements          ; 0        ;
;                                             ;          ;
; Maximum fan-out node                        ; Equal2~0 ;
; Maximum fan-out                             ; 63       ;
; Total fan-out                               ; 1814     ;
; Average fan-out                             ; 2.25     ;
+---------------------------------------------+----------+


+------------------------------------------------------------------------------------------------------------------------------------------------------------------------------------------------------------------------------+
; Analysis & Synthesis Resource Utilization by Entity                                                                                                                                                                          ;
+----------------------------+---------------------+---------------------------+-------------+--------------+---------+-----------+------+--------------+--------------------------------------+----------------+--------------+
; Compilation Hierarchy Node ; Combinational ALUTs ; Dedicated Logic Registers ; Memory Bits ; DSP Elements ; DSP 9x9 ; DSP 18x18 ; Pins ; Virtual Pins ; Full Hierarchy Name                  ; Entity Name    ; Library Name ;
+----------------------------+---------------------+---------------------------+-------------+--------------+---------+-----------+------+--------------+--------------------------------------+----------------+--------------+
; |display                   ; 406 (324)           ; 4 (0)                     ; 0           ; 0            ; 0       ; 0         ; 198  ; 0            ; |display                             ; display        ; work         ;
;    |number:reg0|           ; 10 (0)              ; 0 (0)                     ; 0           ; 0            ; 0       ; 0         ; 0    ; 0            ; |display|number:reg0                 ; number         ; work         ;
;       |SEVENSEG_LED:l1|    ; 2 (2)               ; 0 (0)                     ; 0           ; 0            ; 0       ; 0         ; 0    ; 0            ; |display|number:reg0|SEVENSEG_LED:l1 ; SEVENSEG_LED   ; work         ;
;       |SEVENSEG_LED:l2|    ; 2 (2)               ; 0 (0)                     ; 0           ; 0            ; 0       ; 0         ; 0    ; 0            ; |display|number:reg0|SEVENSEG_LED:l2 ; SEVENSEG_LED   ; work         ;
;       |SEVENSEG_LED:l3|    ; 4 (4)               ; 0 (0)                     ; 0           ; 0            ; 0       ; 0         ; 0    ; 0            ; |display|number:reg0|SEVENSEG_LED:l3 ; SEVENSEG_LED   ; work         ;
;       |SEVENSEG_LED:l4|    ; 2 (2)               ; 0 (0)                     ; 0           ; 0            ; 0       ; 0         ; 0    ; 0            ; |display|number:reg0|SEVENSEG_LED:l4 ; SEVENSEG_LED   ; work         ;
;    |number:reg1|           ; 10 (0)              ; 0 (0)                     ; 0           ; 0            ; 0       ; 0         ; 0    ; 0            ; |display|number:reg1                 ; number         ; work         ;
;       |SEVENSEG_LED:l1|    ; 2 (2)               ; 0 (0)                     ; 0           ; 0            ; 0       ; 0         ; 0    ; 0            ; |display|number:reg1|SEVENSEG_LED:l1 ; SEVENSEG_LED   ; work         ;
;       |SEVENSEG_LED:l2|    ; 2 (2)               ; 0 (0)                     ; 0           ; 0            ; 0       ; 0         ; 0    ; 0            ; |display|number:reg1|SEVENSEG_LED:l2 ; SEVENSEG_LED   ; work         ;
;       |SEVENSEG_LED:l3|    ; 4 (4)               ; 0 (0)                     ; 0           ; 0            ; 0       ; 0         ; 0    ; 0            ; |display|number:reg1|SEVENSEG_LED:l3 ; SEVENSEG_LED   ; work         ;
;       |SEVENSEG_LED:l4|    ; 2 (2)               ; 0 (0)                     ; 0           ; 0            ; 0       ; 0         ; 0    ; 0            ; |display|number:reg1|SEVENSEG_LED:l4 ; SEVENSEG_LED   ; work         ;
;    |number:reg2|           ; 10 (0)              ; 0 (0)                     ; 0           ; 0            ; 0       ; 0         ; 0    ; 0            ; |display|number:reg2                 ; number         ; work         ;
;       |SEVENSEG_LED:l1|    ; 2 (2)               ; 0 (0)                     ; 0           ; 0            ; 0       ; 0         ; 0    ; 0            ; |display|number:reg2|SEVENSEG_LED:l1 ; SEVENSEG_LED   ; work         ;
;       |SEVENSEG_LED:l2|    ; 2 (2)               ; 0 (0)                     ; 0           ; 0            ; 0       ; 0         ; 0    ; 0            ; |display|number:reg2|SEVENSEG_LED:l2 ; SEVENSEG_LED   ; work         ;
;       |SEVENSEG_LED:l3|    ; 4 (4)               ; 0 (0)                     ; 0           ; 0            ; 0       ; 0         ; 0    ; 0            ; |display|number:reg2|SEVENSEG_LED:l3 ; SEVENSEG_LED   ; work         ;
;       |SEVENSEG_LED:l4|    ; 2 (2)               ; 0 (0)                     ; 0           ; 0            ; 0       ; 0         ; 0    ; 0            ; |display|number:reg2|SEVENSEG_LED:l4 ; SEVENSEG_LED   ; work         ;
;    |number:reg3|           ; 10 (0)              ; 0 (0)                     ; 0           ; 0            ; 0       ; 0         ; 0    ; 0            ; |display|number:reg3                 ; number         ; work         ;
;       |SEVENSEG_LED:l1|    ; 2 (2)               ; 0 (0)                     ; 0           ; 0            ; 0       ; 0         ; 0    ; 0            ; |display|number:reg3|SEVENSEG_LED:l1 ; SEVENSEG_LED   ; work         ;
;       |SEVENSEG_LED:l2|    ; 2 (2)               ; 0 (0)                     ; 0           ; 0            ; 0       ; 0         ; 0    ; 0            ; |display|number:reg3|SEVENSEG_LED:l2 ; SEVENSEG_LED   ; work         ;
;       |SEVENSEG_LED:l3|    ; 4 (4)               ; 0 (0)                     ; 0           ; 0            ; 0       ; 0         ; 0    ; 0            ; |display|number:reg3|SEVENSEG_LED:l3 ; SEVENSEG_LED   ; work         ;
;       |SEVENSEG_LED:l4|    ; 2 (2)               ; 0 (0)                     ; 0           ; 0            ; 0       ; 0         ; 0    ; 0            ; |display|number:reg3|SEVENSEG_LED:l4 ; SEVENSEG_LED   ; work         ;
;    |number:reg4|           ; 10 (0)              ; 0 (0)                     ; 0           ; 0            ; 0       ; 0         ; 0    ; 0            ; |display|number:reg4                 ; number         ; work         ;
;       |SEVENSEG_LED:l1|    ; 2 (2)               ; 0 (0)                     ; 0           ; 0            ; 0       ; 0         ; 0    ; 0            ; |display|number:reg4|SEVENSEG_LED:l1 ; SEVENSEG_LED   ; work         ;
;       |SEVENSEG_LED:l2|    ; 2 (2)               ; 0 (0)                     ; 0           ; 0            ; 0       ; 0         ; 0    ; 0            ; |display|number:reg4|SEVENSEG_LED:l2 ; SEVENSEG_LED   ; work         ;
;       |SEVENSEG_LED:l3|    ; 4 (4)               ; 0 (0)                     ; 0           ; 0            ; 0       ; 0         ; 0    ; 0            ; |display|number:reg4|SEVENSEG_LED:l3 ; SEVENSEG_LED   ; work         ;
;       |SEVENSEG_LED:l4|    ; 2 (2)               ; 0 (0)                     ; 0           ; 0            ; 0       ; 0         ; 0    ; 0            ; |display|number:reg4|SEVENSEG_LED:l4 ; SEVENSEG_LED   ; work         ;
;    |number:reg5|           ; 10 (0)              ; 0 (0)                     ; 0           ; 0            ; 0       ; 0         ; 0    ; 0            ; |display|number:reg5                 ; number         ; work         ;
;       |SEVENSEG_LED:l1|    ; 2 (2)               ; 0 (0)                     ; 0           ; 0            ; 0       ; 0         ; 0    ; 0            ; |display|number:reg5|SEVENSEG_LED:l1 ; SEVENSEG_LED   ; work         ;
;       |SEVENSEG_LED:l2|    ; 2 (2)               ; 0 (0)                     ; 0           ; 0            ; 0       ; 0         ; 0    ; 0            ; |display|number:reg5|SEVENSEG_LED:l2 ; SEVENSEG_LED   ; work         ;
;       |SEVENSEG_LED:l3|    ; 4 (4)               ; 0 (0)                     ; 0           ; 0            ; 0       ; 0         ; 0    ; 0            ; |display|number:reg5|SEVENSEG_LED:l3 ; SEVENSEG_LED   ; work         ;
;       |SEVENSEG_LED:l4|    ; 2 (2)               ; 0 (0)                     ; 0           ; 0            ; 0       ; 0         ; 0    ; 0            ; |display|number:reg5|SEVENSEG_LED:l4 ; SEVENSEG_LED   ; work         ;
;    |number:reg6|           ; 10 (0)              ; 0 (0)                     ; 0           ; 0            ; 0       ; 0         ; 0    ; 0            ; |display|number:reg6                 ; number         ; work         ;
;       |SEVENSEG_LED:l1|    ; 2 (2)               ; 0 (0)                     ; 0           ; 0            ; 0       ; 0         ; 0    ; 0            ; |display|number:reg6|SEVENSEG_LED:l1 ; SEVENSEG_LED   ; work         ;
;       |SEVENSEG_LED:l2|    ; 2 (2)               ; 0 (0)                     ; 0           ; 0            ; 0       ; 0         ; 0    ; 0            ; |display|number:reg6|SEVENSEG_LED:l2 ; SEVENSEG_LED   ; work         ;
;       |SEVENSEG_LED:l3|    ; 4 (4)               ; 0 (0)                     ; 0           ; 0            ; 0       ; 0         ; 0    ; 0            ; |display|number:reg6|SEVENSEG_LED:l3 ; SEVENSEG_LED   ; work         ;
;       |SEVENSEG_LED:l4|    ; 2 (2)               ; 0 (0)                     ; 0           ; 0            ; 0       ; 0         ; 0    ; 0            ; |display|number:reg6|SEVENSEG_LED:l4 ; SEVENSEG_LED   ; work         ;
;    |number:reg7|           ; 10 (0)              ; 0 (0)                     ; 0           ; 0            ; 0       ; 0         ; 0    ; 0            ; |display|number:reg7                 ; number         ; work         ;
;       |SEVENSEG_LED:l1|    ; 2 (2)               ; 0 (0)                     ; 0           ; 0            ; 0       ; 0         ; 0    ; 0            ; |display|number:reg7|SEVENSEG_LED:l1 ; SEVENSEG_LED   ; work         ;
;       |SEVENSEG_LED:l2|    ; 2 (2)               ; 0 (0)                     ; 0           ; 0            ; 0       ; 0         ; 0    ; 0            ; |display|number:reg7|SEVENSEG_LED:l2 ; SEVENSEG_LED   ; work         ;
;       |SEVENSEG_LED:l3|    ; 4 (4)               ; 0 (0)                     ; 0           ; 0            ; 0       ; 0         ; 0    ; 0            ; |display|number:reg7|SEVENSEG_LED:l3 ; SEVENSEG_LED   ; work         ;
;       |SEVENSEG_LED:l4|    ; 2 (2)               ; 0 (0)                     ; 0           ; 0            ; 0       ; 0         ; 0    ; 0            ; |display|number:reg7|SEVENSEG_LED:l4 ; SEVENSEG_LED   ; work         ;
;    |select_counter:sl|     ; 2 (2)               ; 4 (4)                     ; 0           ; 0            ; 0       ; 0         ; 0    ; 0            ; |display|select_counter:sl           ; select_counter ; work         ;
+----------------------------+---------------------+---------------------------+-------------+--------------+---------+-----------+------+--------------+--------------------------------------+----------------+--------------+
Note: For table entries with two numbers listed, the numbers in parentheses indicate the number of resources of the given type used by the specific entity alone. The numbers listed outside of parentheses indicate the total resources of the given type used by the specific entity and all of its sub-entities in the hierarchy.


+------------------------------------------------------+
; General Register Statistics                          ;
+----------------------------------------------+-------+
; Statistic                                    ; Value ;
+----------------------------------------------+-------+
; Total registers                              ; 4     ;
; Number of registers using Synchronous Clear  ; 0     ;
; Number of registers using Synchronous Load   ; 0     ;
; Number of registers using Asynchronous Clear ; 4     ;
; Number of registers using Asynchronous Load  ; 0     ;
; Number of registers using Clock Enable       ; 0     ;
; Number of registers using Preset             ; 0     ;
+----------------------------------------------+-------+


+------------------------------------------------------------------------------------------------------------------------------------------------------+
; Multiplexer Restructuring Statistics (Restructuring Performed)                                                                                       ;
+--------------------+-----------+---------------+----------------------+------------------------+------------+----------------------------------------+
; Multiplexer Inputs ; Bus Width ; Baseline Area ; Area if Restructured ; Saving if Restructured ; Registered ; Example Multiplexer Output             ;
+--------------------+-----------+---------------+----------------------+------------------------+------------+----------------------------------------+
; 3:1                ; 2 bits    ; 4 LEs         ; 2 LEs                ; 2 LEs                  ; Yes        ; |display|select_counter:sl|selecter[0] ;
+--------------------+-----------+---------------+----------------------+------------------------+------------+----------------------------------------+


+-----------------------------------------------------+
; Post-Synthesis Netlist Statistics for Top Partition ;
+-----------------------+-----------------------------+
; Type                  ; Count                       ;
+-----------------------+-----------------------------+
; boundary_port         ; 198                         ;
; cycloneiii_ff         ; 4                           ;
;     CLR               ; 4                           ;
; cycloneiii_lcell_comb ; 415                         ;
;     normal            ; 415                         ;
;         0 data inputs ; 1                           ;
;         1 data inputs ; 8                           ;
;         2 data inputs ; 35                          ;
;         3 data inputs ; 10                          ;
;         4 data inputs ; 361                         ;
;                       ;                             ;
; Max LUT depth         ; 4.00                        ;
; Average LUT depth     ; 3.27                        ;
+-----------------------+-----------------------------+


+-------------------------------+
; Elapsed Time Per Partition    ;
+----------------+--------------+
; Partition Name ; Elapsed Time ;
+----------------+--------------+
; Top            ; 00:00:01     ;
+----------------+--------------+


+-------------------------------+
; Analysis & Synthesis Messages ;
+-------------------------------+
Info: *******************************************************************
Info: Running Quartus Prime Analysis & Synthesis
    Info: Version 20.1.0 Build 711 06/05/2020 SJ Standard Edition
    Info: Processing started: Fri Apr 28 10:08:06 2023
Info: Command: quartus_map --read_settings_files=on --write_settings_files=off display -c display
Warning (18236): Number of processors has not been specified which may cause overloading on shared machines.  Set the global assignment NUM_PARALLEL_PROCESSORS in your QSF to an appropriate value for best performance.
Info (20030): Parallel compilation is enabled and will use 12 of the 12 processors detected
Info (12021): Found 4 design units, including 4 entities, in source file display.v
    Info (12023): Found entity 1: display File: /export/home/021/a0211195/simple/2023-simple-2023-team23/display/display.v Line: 1
    Info (12023): Found entity 2: SEVENSEG_LED File: /export/home/021/a0211195/simple/2023-simple-2023-team23/display/display.v Line: 66
    Info (12023): Found entity 3: select_counter File: /export/home/021/a0211195/simple/2023-simple-2023-team23/display/display.v Line: 90
    Info (12023): Found entity 4: number File: /export/home/021/a0211195/simple/2023-simple-2023-team23/display/display.v Line: 107
Info (12127): Elaborating entity "display" for the top level hierarchy
Info (12128): Elaborating entity "select_counter" for hierarchy "select_counter:sl" File: /export/home/021/a0211195/simple/2023-simple-2023-team23/display/display.v Line: 20
Info (12128): Elaborating entity "number" for hierarchy "number:reg1" File: /export/home/021/a0211195/simple/2023-simple-2023-team23/display/display.v Line: 21
Warning (10230): Verilog HDL assignment warning at display.v(114): truncated value with size 5 to match size of target (4) File: /export/home/021/a0211195/simple/2023-simple-2023-team23/display/display.v Line: 114
Warning (10230): Verilog HDL assignment warning at display.v(115): truncated value with size 8 to match size of target (4) File: /export/home/021/a0211195/simple/2023-simple-2023-team23/display/display.v Line: 115
Warning (10230): Verilog HDL assignment warning at display.v(116): truncated value with size 5 to match size of target (4) File: /export/home/021/a0211195/simple/2023-simple-2023-team23/display/display.v Line: 116
Info (12128): Elaborating entity "SEVENSEG_LED" for hierarchy "number:reg1|SEVENSEG_LED:l1" File: /export/home/021/a0211195/simple/2023-simple-2023-team23/display/display.v Line: 117
Warning (13024): Output pins are stuck at VCC or GND
    Warning (13410): Pin "disp_1[7]" is stuck at GND File: /export/home/021/a0211195/simple/2023-simple-2023-team23/display/display.v Line: 4
    Warning (13410): Pin "disp_2[7]" is stuck at GND File: /export/home/021/a0211195/simple/2023-simple-2023-team23/display/display.v Line: 4
    Warning (13410): Pin "disp_3[7]" is stuck at GND File: /export/home/021/a0211195/simple/2023-simple-2023-team23/display/display.v Line: 4
    Warning (13410): Pin "disp_4[7]" is stuck at GND File: /export/home/021/a0211195/simple/2023-simple-2023-team23/display/display.v Line: 4
    Warning (13410): Pin "disp_5[7]" is stuck at GND File: /export/home/021/a0211195/simple/2023-simple-2023-team23/display/display.v Line: 4
    Warning (13410): Pin "disp_6[7]" is stuck at GND File: /export/home/021/a0211195/simple/2023-simple-2023-team23/display/display.v Line: 4
    Warning (13410): Pin "disp_7[7]" is stuck at GND File: /export/home/021/a0211195/simple/2023-simple-2023-team23/display/display.v Line: 4
    Warning (13410): Pin "disp_8[7]" is stuck at GND File: /export/home/021/a0211195/simple/2023-simple-2023-team23/display/display.v Line: 4
Info (286030): Timing-Driven Synthesis is running
Info (144001): Generated suppressed messages file /export/home/021/a0211195/simple/2023-simple-2023-team23/display/output_files/display.map.smsg
Info (16010): Generating hard_block partition "hard_block:auto_generated_inst"
    Info (16011): Adding 0 node(s), including 0 DDIO, 0 PLL, 0 transceiver and 0 LCELL
Warning (21074): Design contains 32 input pin(s) that do not drive logic
    Warning (15610): No output dependent on input pin "reg_1[8]" File: /export/home/021/a0211195/simple/2023-simple-2023-team23/display/display.v Line: 3
    Warning (15610): No output dependent on input pin "reg_1[9]" File: /export/home/021/a0211195/simple/2023-simple-2023-team23/display/display.v Line: 3
    Warning (15610): No output dependent on input pin "reg_1[10]" File: /export/home/021/a0211195/simple/2023-simple-2023-team23/display/display.v Line: 3
    Warning (15610): No output dependent on input pin "reg_1[15]" File: /export/home/021/a0211195/simple/2023-simple-2023-team23/display/display.v Line: 3
    Warning (15610): No output dependent on input pin "reg_2[8]" File: /export/home/021/a0211195/simple/2023-simple-2023-team23/display/display.v Line: 3
    Warning (15610): No output dependent on input pin "reg_2[9]" File: /export/home/021/a0211195/simple/2023-simple-2023-team23/display/display.v Line: 3
    Warning (15610): No output dependent on input pin "reg_2[10]" File: /export/home/021/a0211195/simple/2023-simple-2023-team23/display/display.v Line: 3
    Warning (15610): No output dependent on input pin "reg_2[15]" File: /export/home/021/a0211195/simple/2023-simple-2023-team23/display/display.v Line: 3
    Warning (15610): No output dependent on input pin "reg_3[8]" File: /export/home/021/a0211195/simple/2023-simple-2023-team23/display/display.v Line: 3
    Warning (15610): No output dependent on input pin "reg_3[9]" File: /export/home/021/a0211195/simple/2023-simple-2023-team23/display/display.v Line: 3
    Warning (15610): No output dependent on input pin "reg_3[10]" File: /export/home/021/a0211195/simple/2023-simple-2023-team23/display/display.v Line: 3
    Warning (15610): No output dependent on input pin "reg_3[15]" File: /export/home/021/a0211195/simple/2023-simple-2023-team23/display/display.v Line: 3
    Warning (15610): No output dependent on input pin "reg_4[8]" File: /export/home/021/a0211195/simple/2023-simple-2023-team23/display/display.v Line: 3
    Warning (15610): No output dependent on input pin "reg_4[9]" File: /export/home/021/a0211195/simple/2023-simple-2023-team23/display/display.v Line: 3
    Warning (15610): No output dependent on input pin "reg_4[10]" File: /export/home/021/a0211195/simple/2023-simple-2023-team23/display/display.v Line: 3
    Warning (15610): No output dependent on input pin "reg_4[15]" File: /export/home/021/a0211195/simple/2023-simple-2023-team23/display/display.v Line: 3
    Warning (15610): No output dependent on input pin "reg_5[8]" File: /export/home/021/a0211195/simple/2023-simple-2023-team23/display/display.v Line: 3
    Warning (15610): No output dependent on input pin "reg_5[9]" File: /export/home/021/a0211195/simple/2023-simple-2023-team23/display/display.v Line: 3
    Warning (15610): No output dependent on input pin "reg_5[10]" File: /export/home/021/a0211195/simple/2023-simple-2023-team23/display/display.v Line: 3
    Warning (15610): No output dependent on input pin "reg_5[15]" File: /export/home/021/a0211195/simple/2023-simple-2023-team23/display/display.v Line: 3
    Warning (15610): No output dependent on input pin "reg_6[8]" File: /export/home/021/a0211195/simple/2023-simple-2023-team23/display/display.v Line: 3
    Warning (15610): No output dependent on input pin "reg_6[9]" File: /export/home/021/a0211195/simple/2023-simple-2023-team23/display/display.v Line: 3
    Warning (15610): No output dependent on input pin "reg_6[10]" File: /export/home/021/a0211195/simple/2023-simple-2023-team23/display/display.v Line: 3
    Warning (15610): No output dependent on input pin "reg_6[15]" File: /export/home/021/a0211195/simple/2023-simple-2023-team23/display/display.v Line: 3
    Warning (15610): No output dependent on input pin "reg_7[8]" File: /export/home/021/a0211195/simple/2023-simple-2023-team23/display/display.v Line: 3
    Warning (15610): No output dependent on input pin "reg_7[9]" File: /export/home/021/a0211195/simple/2023-simple-2023-team23/display/display.v Line: 3
    Warning (15610): No output dependent on input pin "reg_7[10]" File: /export/home/021/a0211195/simple/2023-simple-2023-team23/display/display.v Line: 3
    Warning (15610): No output dependent on input pin "reg_7[15]" File: /export/home/021/a0211195/simple/2023-simple-2023-team23/display/display.v Line: 3
    Warning (15610): No output dependent on input pin "reg_0[8]" File: /export/home/021/a0211195/simple/2023-simple-2023-team23/display/display.v Line: 3
    Warning (15610): No output dependent on input pin "reg_0[9]" File: /export/home/021/a0211195/simple/2023-simple-2023-team23/display/display.v Line: 3
    Warning (15610): No output dependent on input pin "reg_0[10]" File: /export/home/021/a0211195/simple/2023-simple-2023-team23/display/display.v Line: 3
    Warning (15610): No output dependent on input pin "reg_0[15]" File: /export/home/021/a0211195/simple/2023-simple-2023-team23/display/display.v Line: 3
Info (21057): Implemented 606 device resources after synthesis - the final resource count might be different
    Info (21058): Implemented 130 input pins
    Info (21059): Implemented 68 output pins
    Info (21061): Implemented 408 logic cells
Info: Quartus Prime Analysis & Synthesis was successful. 0 errors, 46 warnings
    Info: Peak virtual memory: 492 megabytes
    Info: Processing ended: Fri Apr 28 10:08:11 2023
    Info: Elapsed time: 00:00:05
    Info: Total CPU time (on all processors): 00:00:12


+------------------------------------------+
; Analysis & Synthesis Suppressed Messages ;
+------------------------------------------+
The suppressed messages can be found in /export/home/021/a0211195/simple/2023-simple-2023-team23/display/output_files/display.map.smsg.


