Analysis & Synthesis report for shifter
Mon May 01 11:57:39 2023
Quartus Prime Version 20.1.0 Build 711 06/05/2020 SJ Lite Edition


---------------------
; Table of Contents ;
---------------------
  1. Legal Notice
  2. Analysis & Synthesis Summary
  3. Analysis & Synthesis Settings
  4. Parallel Compilation
  5. Analysis & Synthesis Source Files Read
  6. Analysis & Synthesis Resource Usage Summary
  7. Analysis & Synthesis Resource Utilization by Entity
  8. User-Specified and Inferred Latches
  9. General Register Statistics
 10. Multiplexer Restructuring Statistics (Restructuring Performed)
 11. Post-Synthesis Netlist Statistics for Top Partition
 12. Elapsed Time Per Partition
 13. Analysis & Synthesis Messages
 14. Analysis & Synthesis Suppressed Messages



----------------
; Legal Notice ;
----------------
Copyright (C) 2020  Intel Corporation. All rights reserved.
Your use of Intel Corporation's design tools, logic functions 
and other software and tools, and any partner logic 
functions, and any output files from any of the foregoing 
(including device programming or simulation files), and any 
associated documentation or information are expressly subject 
to the terms and conditions of the Intel Program License 
Subscription Agreement, the Intel Quartus Prime License Agreement,
the Intel FPGA IP License Agreement, or other applicable license
agreement, including, without limitation, that your use is for
the sole purpose of programming logic devices manufactured by
Intel and sold by Intel or its authorized distributors.  Please
refer to the applicable agreement for further details, at
https://fpgasoftware.intel.com/eula.



+----------------------------------------------------------------------------------+
; Analysis & Synthesis Summary                                                     ;
+------------------------------------+---------------------------------------------+
; Analysis & Synthesis Status        ; Successful - Mon May 01 11:57:39 2023       ;
; Quartus Prime Version              ; 20.1.0 Build 711 06/05/2020 SJ Lite Edition ;
; Revision Name                      ; shifter                                     ;
; Top-level Entity Name              ; shifter                                     ;
; Family                             ; Cyclone IV E                                ;
; Total logic elements               ; 289                                         ;
;     Total combinational functions  ; 289                                         ;
;     Dedicated logic registers      ; 0                                           ;
; Total registers                    ; 0                                           ;
; Total pins                         ; 76                                          ;
; Total virtual pins                 ; 0                                           ;
; Total memory bits                  ; 0                                           ;
; Embedded Multiplier 9-bit elements ; 0                                           ;
; Total PLLs                         ; 0                                           ;
+------------------------------------+---------------------------------------------+


+------------------------------------------------------------------------------------------------------------+
; Analysis & Synthesis Settings                                                                              ;
+------------------------------------------------------------------+--------------------+--------------------+
; Option                                                           ; Setting            ; Default Value      ;
+------------------------------------------------------------------+--------------------+--------------------+
; Device                                                           ; EP4CE30F23I7       ;                    ;
; Top-level entity name                                            ; shifter            ; shifter            ;
; Family name                                                      ; Cyclone IV E       ; Cyclone V          ;
; Use smart compilation                                            ; Off                ; Off                ;
; Enable parallel Assembler and Timing Analyzer during compilation ; On                 ; On                 ;
; Enable compact report table                                      ; Off                ; Off                ;
; Restructure Multiplexers                                         ; Auto               ; Auto               ;
; Create Debugging Nodes for IP Cores                              ; Off                ; Off                ;
; Preserve fewer node names                                        ; On                 ; On                 ;
; Intel FPGA IP Evaluation Mode                                    ; Enable             ; Enable             ;
; Verilog Version                                                  ; Verilog_2001       ; Verilog_2001       ;
; VHDL Version                                                     ; VHDL_1993          ; VHDL_1993          ;
; State Machine Processing                                         ; Auto               ; Auto               ;
; Safe State Machine                                               ; Off                ; Off                ;
; Extract Verilog State Machines                                   ; On                 ; On                 ;
; Extract VHDL State Machines                                      ; On                 ; On                 ;
; Ignore Verilog initial constructs                                ; Off                ; Off                ;
; Iteration limit for constant Verilog loops                       ; 5000               ; 5000               ;
; Iteration limit for non-constant Verilog loops                   ; 250                ; 250                ;
; Add Pass-Through Logic to Inferred RAMs                          ; On                 ; On                 ;
; Infer RAMs from Raw Logic                                        ; On                 ; On                 ;
; Parallel Synthesis                                               ; On                 ; On                 ;
; DSP Block Balancing                                              ; Auto               ; Auto               ;
; NOT Gate Push-Back                                               ; On                 ; On                 ;
; Power-Up Don't Care                                              ; On                 ; On                 ;
; Remove Redundant Logic Cells                                     ; Off                ; Off                ;
; Remove Duplicate Registers                                       ; On                 ; On                 ;
; Ignore CARRY Buffers                                             ; Off                ; Off                ;
; Ignore CASCADE Buffers                                           ; Off                ; Off                ;
; Ignore GLOBAL Buffers                                            ; Off                ; Off                ;
; Ignore ROW GLOBAL Buffers                                        ; Off                ; Off                ;
; Ignore LCELL Buffers                                             ; Off                ; Off                ;
; Ignore SOFT Buffers                                              ; On                 ; On                 ;
; Limit AHDL Integers to 32 Bits                                   ; Off                ; Off                ;
; Optimization Technique                                           ; Balanced           ; Balanced           ;
; Carry Chain Length                                               ; 70                 ; 70                 ;
; Auto Carry Chains                                                ; On                 ; On                 ;
; Auto Open-Drain Pins                                             ; On                 ; On                 ;
; Perform WYSIWYG Primitive Resynthesis                            ; Off                ; Off                ;
; Auto ROM Replacement                                             ; On                 ; On                 ;
; Auto RAM Replacement                                             ; On                 ; On                 ;
; Auto DSP Block Replacement                                       ; On                 ; On                 ;
; Auto Shift Register Replacement                                  ; Auto               ; Auto               ;
; Allow Shift Register Merging across Hierarchies                  ; Auto               ; Auto               ;
; Auto Clock Enable Replacement                                    ; On                 ; On                 ;
; Strict RAM Replacement                                           ; Off                ; Off                ;
; Allow Synchronous Control Signals                                ; On                 ; On                 ;
; Force Use of Synchronous Clear Signals                           ; Off                ; Off                ;
; Auto RAM Block Balancing                                         ; On                 ; On                 ;
; Auto RAM to Logic Cell Conversion                                ; Off                ; Off                ;
; Auto Resource Sharing                                            ; Off                ; Off                ;
; Allow Any RAM Size For Recognition                               ; Off                ; Off                ;
; Allow Any ROM Size For Recognition                               ; Off                ; Off                ;
; Allow Any Shift Register Size For Recognition                    ; Off                ; Off                ;
; Use LogicLock Constraints during Resource Balancing              ; On                 ; On                 ;
; Ignore translate_off and synthesis_off directives                ; Off                ; Off                ;
; Timing-Driven Synthesis                                          ; On                 ; On                 ;
; Report Parameter Settings                                        ; On                 ; On                 ;
; Report Source Assignments                                        ; On                 ; On                 ;
; Report Connectivity Checks                                       ; On                 ; On                 ;
; Ignore Maximum Fan-Out Assignments                               ; Off                ; Off                ;
; Synchronization Register Chain Length                            ; 2                  ; 2                  ;
; Power Optimization During Synthesis                              ; Normal compilation ; Normal compilation ;
; HDL message level                                                ; Level2             ; Level2             ;
; Suppress Register Optimization Related Messages                  ; Off                ; Off                ;
; Number of Removed Registers Reported in Synthesis Report         ; 5000               ; 5000               ;
; Number of Swept Nodes Reported in Synthesis Report               ; 5000               ; 5000               ;
; Number of Inverted Registers Reported in Synthesis Report        ; 100                ; 100                ;
; Clock MUX Protection                                             ; On                 ; On                 ;
; Auto Gated Clock Conversion                                      ; Off                ; Off                ;
; Block Design Naming                                              ; Auto               ; Auto               ;
; SDC constraint protection                                        ; Off                ; Off                ;
; Synthesis Effort                                                 ; Auto               ; Auto               ;
; Shift Register Replacement - Allow Asynchronous Clear Signal     ; On                 ; On                 ;
; Pre-Mapping Resynthesis Optimization                             ; Off                ; Off                ;
; Analysis & Synthesis Message Level                               ; Medium             ; Medium             ;
; Disable Register Merging Across Hierarchies                      ; Auto               ; Auto               ;
; Resource Aware Inference For Block RAM                           ; On                 ; On                 ;
+------------------------------------------------------------------+--------------------+--------------------+


+------------------------------------------+
; Parallel Compilation                     ;
+----------------------------+-------------+
; Processors                 ; Number      ;
+----------------------------+-------------+
; Number detected on machine ; 8           ;
; Maximum allowed            ; 4           ;
;                            ;             ;
; Average used               ; 1.00        ;
; Maximum used               ; 4           ;
;                            ;             ;
; Usage by Processor         ; % Time Used ;
;     Processor 1            ; 100.0%      ;
;     Processors 2-4         ;   0.0%      ;
+----------------------------+-------------+


+--------------------------------------------------------------------------------------------------------------------------------------------------+
; Analysis & Synthesis Source Files Read                                                                                                           ;
+----------------------------------+-----------------+------------------------+----------------------------------------------------------+---------+
; File Name with User-Entered Path ; Used in Netlist ; File Type              ; File Name with Absolute Path                             ; Library ;
+----------------------------------+-----------------+------------------------+----------------------------------------------------------+---------+
; shifter.v                        ; yes             ; User Verilog HDL File  ; C:/Users/kazu4/2023-simple-2023-team23/shifter/shifter.v ;         ;
+----------------------------------+-----------------+------------------------+----------------------------------------------------------+---------+


+----------------------------------------------------------+
; Analysis & Synthesis Resource Usage Summary              ;
+---------------------------------------------+------------+
; Resource                                    ; Usage      ;
+---------------------------------------------+------------+
; Estimated Total logic elements              ; 289        ;
;                                             ;            ;
; Total combinational functions               ; 289        ;
; Logic element usage by number of LUT inputs ;            ;
;     -- 4 input functions                    ; 148        ;
;     -- 3 input functions                    ; 129        ;
;     -- <=2 input functions                  ; 12         ;
;                                             ;            ;
; Logic elements by mode                      ;            ;
;     -- normal mode                          ; 289        ;
;     -- arithmetic mode                      ; 0          ;
;                                             ;            ;
; Total registers                             ; 0          ;
;     -- Dedicated logic registers            ; 0          ;
;     -- I/O registers                        ; 0          ;
;                                             ;            ;
; I/O pins                                    ; 76         ;
;                                             ;            ;
; Embedded Multiplier 9-bit elements          ; 0          ;
;                                             ;            ;
; Maximum fan-out node                        ; d[3]~input ;
; Maximum fan-out                             ; 77         ;
; Total fan-out                               ; 1130       ;
; Average fan-out                             ; 2.56       ;
+---------------------------------------------+------------+


+----------------------------------------------------------------------------------------------------------------------------------------------------------------------------------------------------------+
; Analysis & Synthesis Resource Utilization by Entity                                                                                                                                                      ;
+----------------------------+---------------------+---------------------------+-------------+--------------+---------+-----------+------+--------------+---------------------+-------------+--------------+
; Compilation Hierarchy Node ; Combinational ALUTs ; Dedicated Logic Registers ; Memory Bits ; DSP Elements ; DSP 9x9 ; DSP 18x18 ; Pins ; Virtual Pins ; Full Hierarchy Name ; Entity Name ; Library Name ;
+----------------------------+---------------------+---------------------------+-------------+--------------+---------+-----------+------+--------------+---------------------+-------------+--------------+
; |shifter                   ; 289 (289)           ; 0 (0)                     ; 0           ; 0            ; 0       ; 0         ; 76   ; 0            ; |shifter            ; shifter     ; work         ;
+----------------------------+---------------------+---------------------------+-------------+--------------+---------+-----------+------+--------------+---------------------+-------------+--------------+
Note: For table entries with two numbers listed, the numbers in parentheses indicate the number of resources of the given type used by the specific entity alone. The numbers listed outside of parentheses indicate the total resources of the given type used by the specific entity and all of its sub-entities in the hierarchy.


+----------------------------------------------------------------------------------------------------+
; User-Specified and Inferred Latches                                                                ;
+-----------------------------------------------------+---------------------+------------------------+
; Latch Name                                          ; Latch Enable Signal ; Free of Timing Hazards ;
+-----------------------------------------------------+---------------------+------------------------+
; D[0]                                                ; Mux18               ; yes                    ;
; D[1]                                                ; Mux18               ; yes                    ;
; D[2]                                                ; Mux18               ; yes                    ;
; D[3]                                                ; Mux18               ; yes                    ;
; D[4]                                                ; Mux18               ; yes                    ;
; D[5]                                                ; Mux18               ; yes                    ;
; D[6]                                                ; Mux18               ; yes                    ;
; D[7]                                                ; Mux18               ; yes                    ;
; D[8]                                                ; Mux18               ; yes                    ;
; D[9]                                                ; Mux18               ; yes                    ;
; D[10]                                               ; Mux18               ; yes                    ;
; D[11]                                               ; Mux18               ; yes                    ;
; D[12]                                               ; Mux18               ; yes                    ;
; D[13]                                               ; Mux18               ; yes                    ;
; D[14]                                               ; Mux18               ; yes                    ;
; D[15]                                               ; Mux18               ; yes                    ;
; Carry                                               ; Selector34          ; yes                    ;
; C[16]                                               ; WideOr9             ; yes                    ;
; C[0]                                                ; WideOr9             ; yes                    ;
; C[1]                                                ; WideOr9             ; yes                    ;
; C[2]                                                ; WideOr9             ; yes                    ;
; C[3]                                                ; WideOr9             ; yes                    ;
; C[4]                                                ; WideOr9             ; yes                    ;
; C[5]                                                ; WideOr9             ; yes                    ;
; C[6]                                                ; WideOr9             ; yes                    ;
; C[7]                                                ; WideOr9             ; yes                    ;
; C[8]                                                ; WideOr9             ; yes                    ;
; C[9]                                                ; WideOr9             ; yes                    ;
; C[10]                                               ; WideOr9             ; yes                    ;
; C[11]                                               ; WideOr9             ; yes                    ;
; C[12]                                               ; WideOr9             ; yes                    ;
; C[13]                                               ; WideOr9             ; yes                    ;
; C[14]                                               ; WideOr9             ; yes                    ;
; C[15]                                               ; WideOr9             ; yes                    ;
; C[17]                                               ; WideOr9             ; yes                    ;
; C[18]                                               ; WideOr9             ; yes                    ;
; C[19]                                               ; WideOr9             ; yes                    ;
; C[20]                                               ; WideOr9             ; yes                    ;
; C[21]                                               ; WideOr9             ; yes                    ;
; C[22]                                               ; WideOr9             ; yes                    ;
; C[23]                                               ; WideOr9             ; yes                    ;
; C[24]                                               ; WideOr9             ; yes                    ;
; C[25]                                               ; WideOr9             ; yes                    ;
; C[26]                                               ; WideOr9             ; yes                    ;
; C[27]                                               ; WideOr9             ; yes                    ;
; C[28]                                               ; WideOr9             ; yes                    ;
; C[29]                                               ; WideOr9             ; yes                    ;
; C[30]                                               ; WideOr9             ; yes                    ;
; C[31]                                               ; WideOr9             ; yes                    ;
; Number of user-specified and inferred latches = 49  ;                     ;                        ;
+-----------------------------------------------------+---------------------+------------------------+
Note: All latches listed above may not be present at the end of synthesis due to various synthesis optimizations.


+------------------------------------------------------+
; General Register Statistics                          ;
+----------------------------------------------+-------+
; Statistic                                    ; Value ;
+----------------------------------------------+-------+
; Total registers                              ; 0     ;
; Number of registers using Synchronous Clear  ; 0     ;
; Number of registers using Synchronous Load   ; 0     ;
; Number of registers using Asynchronous Clear ; 0     ;
; Number of registers using Asynchronous Load  ; 0     ;
; Number of registers using Clock Enable       ; 0     ;
; Number of registers using Preset             ; 0     ;
+----------------------------------------------+-------+


+------------------------------------------------------------------------------------------------------------------------------------------+
; Multiplexer Restructuring Statistics (Restructuring Performed)                                                                           ;
+--------------------+-----------+---------------+----------------------+------------------------+------------+----------------------------+
; Multiplexer Inputs ; Bus Width ; Baseline Area ; Area if Restructured ; Saving if Restructured ; Registered ; Example Multiplexer Output ;
+--------------------+-----------+---------------+----------------------+------------------------+------------+----------------------------+
; 6:1                ; 6 bits    ; 24 LEs        ; 18 LEs               ; 6 LEs                  ; No         ; |shifter|Mux16             ;
; 6:1                ; 4 bits    ; 16 LEs        ; 16 LEs               ; 0 LEs                  ; No         ; |shifter|Mux8              ;
; 7:1                ; 2 bits    ; 8 LEs         ; 8 LEs                ; 0 LEs                  ; No         ; |shifter|Mux4              ;
+--------------------+-----------+---------------+----------------------+------------------------+------------+----------------------------+


+-----------------------------------------------------+
; Post-Synthesis Netlist Statistics for Top Partition ;
+-----------------------+-----------------------------+
; Type                  ; Count                       ;
+-----------------------+-----------------------------+
; boundary_port         ; 76                          ;
; cycloneiii_lcell_comb ; 290                         ;
;     normal            ; 290                         ;
;         0 data inputs ; 1                           ;
;         2 data inputs ; 12                          ;
;         3 data inputs ; 129                         ;
;         4 data inputs ; 148                         ;
;                       ;                             ;
; Max LUT depth         ; 8.00                        ;
; Average LUT depth     ; 5.62                        ;
+-----------------------+-----------------------------+


+-------------------------------+
; Elapsed Time Per Partition    ;
+----------------+--------------+
; Partition Name ; Elapsed Time ;
+----------------+--------------+
; Top            ; 00:00:01     ;
+----------------+--------------+


+-------------------------------+
; Analysis & Synthesis Messages ;
+-------------------------------+
Info: *******************************************************************
Info: Running Quartus Prime Analysis & Synthesis
    Info: Version 20.1.0 Build 711 06/05/2020 SJ Lite Edition
    Info: Processing started: Mon May 01 11:57:30 2023
Info: Command: quartus_map --read_settings_files=on --write_settings_files=off shifter -c shifter
Warning (18236): Number of processors has not been specified which may cause overloading on shared machines.  Set the global assignment NUM_PARALLEL_PROCESSORS in your QSF to an appropriate value for best performance.
Info (20030): Parallel compilation is enabled and will use 4 of the 4 processors detected
Info (12021): Found 1 design units, including 1 entities, in source file shifter.v
    Info (12023): Found entity 1: shifter File: C:/Users/kazu4/2023-simple-2023-team23/shifter/shifter.v Line: 1
Info (12127): Elaborating entity "shifter" for the top level hierarchy
Warning (10235): Verilog HDL Always Construct warning at shifter.v(22): variable "C" is read inside the Always Construct but isn't in the Always Construct's Event Control File: C:/Users/kazu4/2023-simple-2023-team23/shifter/shifter.v Line: 22
Warning (10235): Verilog HDL Always Construct warning at shifter.v(23): variable "C" is read inside the Always Construct but isn't in the Always Construct's Event Control File: C:/Users/kazu4/2023-simple-2023-team23/shifter/shifter.v Line: 23
Warning (10230): Verilog HDL assignment warning at shifter.v(23): truncated value with size 3 to match size of target (2) File: C:/Users/kazu4/2023-simple-2023-team23/shifter/shifter.v Line: 23
Warning (10235): Verilog HDL Always Construct warning at shifter.v(24): variable "C" is read inside the Always Construct but isn't in the Always Construct's Event Control File: C:/Users/kazu4/2023-simple-2023-team23/shifter/shifter.v Line: 24
Warning (10230): Verilog HDL assignment warning at shifter.v(24): truncated value with size 4 to match size of target (3) File: C:/Users/kazu4/2023-simple-2023-team23/shifter/shifter.v Line: 24
Warning (10235): Verilog HDL Always Construct warning at shifter.v(25): variable "C" is read inside the Always Construct but isn't in the Always Construct's Event Control File: C:/Users/kazu4/2023-simple-2023-team23/shifter/shifter.v Line: 25
Warning (10230): Verilog HDL assignment warning at shifter.v(25): truncated value with size 5 to match size of target (4) File: C:/Users/kazu4/2023-simple-2023-team23/shifter/shifter.v Line: 25
Warning (10235): Verilog HDL Always Construct warning at shifter.v(26): variable "C" is read inside the Always Construct but isn't in the Always Construct's Event Control File: C:/Users/kazu4/2023-simple-2023-team23/shifter/shifter.v Line: 26
Warning (10230): Verilog HDL assignment warning at shifter.v(26): truncated value with size 6 to match size of target (5) File: C:/Users/kazu4/2023-simple-2023-team23/shifter/shifter.v Line: 26
Warning (10235): Verilog HDL Always Construct warning at shifter.v(27): variable "C" is read inside the Always Construct but isn't in the Always Construct's Event Control File: C:/Users/kazu4/2023-simple-2023-team23/shifter/shifter.v Line: 27
Warning (10230): Verilog HDL assignment warning at shifter.v(27): truncated value with size 7 to match size of target (6) File: C:/Users/kazu4/2023-simple-2023-team23/shifter/shifter.v Line: 27
Warning (10235): Verilog HDL Always Construct warning at shifter.v(28): variable "C" is read inside the Always Construct but isn't in the Always Construct's Event Control File: C:/Users/kazu4/2023-simple-2023-team23/shifter/shifter.v Line: 28
Warning (10230): Verilog HDL assignment warning at shifter.v(28): truncated value with size 8 to match size of target (7) File: C:/Users/kazu4/2023-simple-2023-team23/shifter/shifter.v Line: 28
Warning (10235): Verilog HDL Always Construct warning at shifter.v(29): variable "C" is read inside the Always Construct but isn't in the Always Construct's Event Control File: C:/Users/kazu4/2023-simple-2023-team23/shifter/shifter.v Line: 29
Warning (10230): Verilog HDL assignment warning at shifter.v(29): truncated value with size 9 to match size of target (8) File: C:/Users/kazu4/2023-simple-2023-team23/shifter/shifter.v Line: 29
Warning (10235): Verilog HDL Always Construct warning at shifter.v(30): variable "C" is read inside the Always Construct but isn't in the Always Construct's Event Control File: C:/Users/kazu4/2023-simple-2023-team23/shifter/shifter.v Line: 30
Warning (10230): Verilog HDL assignment warning at shifter.v(30): truncated value with size 10 to match size of target (9) File: C:/Users/kazu4/2023-simple-2023-team23/shifter/shifter.v Line: 30
Warning (10235): Verilog HDL Always Construct warning at shifter.v(31): variable "C" is read inside the Always Construct but isn't in the Always Construct's Event Control File: C:/Users/kazu4/2023-simple-2023-team23/shifter/shifter.v Line: 31
Warning (10230): Verilog HDL assignment warning at shifter.v(31): truncated value with size 11 to match size of target (10) File: C:/Users/kazu4/2023-simple-2023-team23/shifter/shifter.v Line: 31
Warning (10235): Verilog HDL Always Construct warning at shifter.v(32): variable "C" is read inside the Always Construct but isn't in the Always Construct's Event Control File: C:/Users/kazu4/2023-simple-2023-team23/shifter/shifter.v Line: 32
Warning (10230): Verilog HDL assignment warning at shifter.v(32): truncated value with size 12 to match size of target (11) File: C:/Users/kazu4/2023-simple-2023-team23/shifter/shifter.v Line: 32
Warning (10235): Verilog HDL Always Construct warning at shifter.v(33): variable "C" is read inside the Always Construct but isn't in the Always Construct's Event Control File: C:/Users/kazu4/2023-simple-2023-team23/shifter/shifter.v Line: 33
Warning (10230): Verilog HDL assignment warning at shifter.v(33): truncated value with size 13 to match size of target (12) File: C:/Users/kazu4/2023-simple-2023-team23/shifter/shifter.v Line: 33
Warning (10235): Verilog HDL Always Construct warning at shifter.v(34): variable "C" is read inside the Always Construct but isn't in the Always Construct's Event Control File: C:/Users/kazu4/2023-simple-2023-team23/shifter/shifter.v Line: 34
Warning (10230): Verilog HDL assignment warning at shifter.v(34): truncated value with size 14 to match size of target (13) File: C:/Users/kazu4/2023-simple-2023-team23/shifter/shifter.v Line: 34
Warning (10235): Verilog HDL Always Construct warning at shifter.v(35): variable "C" is read inside the Always Construct but isn't in the Always Construct's Event Control File: C:/Users/kazu4/2023-simple-2023-team23/shifter/shifter.v Line: 35
Warning (10230): Verilog HDL assignment warning at shifter.v(35): truncated value with size 15 to match size of target (14) File: C:/Users/kazu4/2023-simple-2023-team23/shifter/shifter.v Line: 35
Warning (10235): Verilog HDL Always Construct warning at shifter.v(36): variable "C" is read inside the Always Construct but isn't in the Always Construct's Event Control File: C:/Users/kazu4/2023-simple-2023-team23/shifter/shifter.v Line: 36
Warning (10230): Verilog HDL assignment warning at shifter.v(36): truncated value with size 16 to match size of target (15) File: C:/Users/kazu4/2023-simple-2023-team23/shifter/shifter.v Line: 36
Warning (10270): Verilog HDL Case Statement warning at shifter.v(21): incomplete case statement has no default case item File: C:/Users/kazu4/2023-simple-2023-team23/shifter/shifter.v Line: 21
Warning (10235): Verilog HDL Always Construct warning at shifter.v(38): variable "C" is read inside the Always Construct but isn't in the Always Construct's Event Control File: C:/Users/kazu4/2023-simple-2023-team23/shifter/shifter.v Line: 38
Warning (10270): Verilog HDL Case Statement warning at shifter.v(42): incomplete case statement has no default case item File: C:/Users/kazu4/2023-simple-2023-team23/shifter/shifter.v Line: 42
Warning (10270): Verilog HDL Case Statement warning at shifter.v(62): incomplete case statement has no default case item File: C:/Users/kazu4/2023-simple-2023-team23/shifter/shifter.v Line: 62
Warning (10270): Verilog HDL Case Statement warning at shifter.v(14): incomplete case statement has no default case item File: C:/Users/kazu4/2023-simple-2023-team23/shifter/shifter.v Line: 14
Warning (10235): Verilog HDL Always Construct warning at shifter.v(84): variable "C" is read inside the Always Construct but isn't in the Always Construct's Event Control File: C:/Users/kazu4/2023-simple-2023-team23/shifter/shifter.v Line: 84
Warning (10235): Verilog HDL Always Construct warning at shifter.v(86): variable "Carry" is read inside the Always Construct but isn't in the Always Construct's Event Control File: C:/Users/kazu4/2023-simple-2023-team23/shifter/shifter.v Line: 86
Warning (10235): Verilog HDL Always Construct warning at shifter.v(87): variable "D" is read inside the Always Construct but isn't in the Always Construct's Event Control File: C:/Users/kazu4/2023-simple-2023-team23/shifter/shifter.v Line: 87
Warning (10235): Verilog HDL Always Construct warning at shifter.v(92): variable "D" is read inside the Always Construct but isn't in the Always Construct's Event Control File: C:/Users/kazu4/2023-simple-2023-team23/shifter/shifter.v Line: 92
Warning (10240): Verilog HDL Always Construct warning at shifter.v(13): inferring latch(es) for variable "D", which holds its previous value in one or more paths through the always construct File: C:/Users/kazu4/2023-simple-2023-team23/shifter/shifter.v Line: 13
Warning (10240): Verilog HDL Always Construct warning at shifter.v(13): inferring latch(es) for variable "Carry", which holds its previous value in one or more paths through the always construct File: C:/Users/kazu4/2023-simple-2023-team23/shifter/shifter.v Line: 13
Warning (10240): Verilog HDL Always Construct warning at shifter.v(13): inferring latch(es) for variable "C", which holds its previous value in one or more paths through the always construct File: C:/Users/kazu4/2023-simple-2023-team23/shifter/shifter.v Line: 13
Info (10041): Inferred latch for "C[0]" at shifter.v(13) File: C:/Users/kazu4/2023-simple-2023-team23/shifter/shifter.v Line: 13
Info (10041): Inferred latch for "C[1]" at shifter.v(13) File: C:/Users/kazu4/2023-simple-2023-team23/shifter/shifter.v Line: 13
Info (10041): Inferred latch for "C[2]" at shifter.v(13) File: C:/Users/kazu4/2023-simple-2023-team23/shifter/shifter.v Line: 13
Info (10041): Inferred latch for "C[3]" at shifter.v(13) File: C:/Users/kazu4/2023-simple-2023-team23/shifter/shifter.v Line: 13
Info (10041): Inferred latch for "C[4]" at shifter.v(13) File: C:/Users/kazu4/2023-simple-2023-team23/shifter/shifter.v Line: 13
Info (10041): Inferred latch for "C[5]" at shifter.v(13) File: C:/Users/kazu4/2023-simple-2023-team23/shifter/shifter.v Line: 13
Info (10041): Inferred latch for "C[6]" at shifter.v(13) File: C:/Users/kazu4/2023-simple-2023-team23/shifter/shifter.v Line: 13
Info (10041): Inferred latch for "C[7]" at shifter.v(13) File: C:/Users/kazu4/2023-simple-2023-team23/shifter/shifter.v Line: 13
Info (10041): Inferred latch for "C[8]" at shifter.v(13) File: C:/Users/kazu4/2023-simple-2023-team23/shifter/shifter.v Line: 13
Info (10041): Inferred latch for "C[9]" at shifter.v(13) File: C:/Users/kazu4/2023-simple-2023-team23/shifter/shifter.v Line: 13
Info (10041): Inferred latch for "C[10]" at shifter.v(13) File: C:/Users/kazu4/2023-simple-2023-team23/shifter/shifter.v Line: 13
Info (10041): Inferred latch for "C[11]" at shifter.v(13) File: C:/Users/kazu4/2023-simple-2023-team23/shifter/shifter.v Line: 13
Info (10041): Inferred latch for "C[12]" at shifter.v(13) File: C:/Users/kazu4/2023-simple-2023-team23/shifter/shifter.v Line: 13
Info (10041): Inferred latch for "C[13]" at shifter.v(13) File: C:/Users/kazu4/2023-simple-2023-team23/shifter/shifter.v Line: 13
Info (10041): Inferred latch for "C[14]" at shifter.v(13) File: C:/Users/kazu4/2023-simple-2023-team23/shifter/shifter.v Line: 13
Info (10041): Inferred latch for "C[15]" at shifter.v(13) File: C:/Users/kazu4/2023-simple-2023-team23/shifter/shifter.v Line: 13
Info (10041): Inferred latch for "C[16]" at shifter.v(13) File: C:/Users/kazu4/2023-simple-2023-team23/shifter/shifter.v Line: 13
Info (10041): Inferred latch for "C[17]" at shifter.v(13) File: C:/Users/kazu4/2023-simple-2023-team23/shifter/shifter.v Line: 13
Info (10041): Inferred latch for "C[18]" at shifter.v(13) File: C:/Users/kazu4/2023-simple-2023-team23/shifter/shifter.v Line: 13
Info (10041): Inferred latch for "C[19]" at shifter.v(13) File: C:/Users/kazu4/2023-simple-2023-team23/shifter/shifter.v Line: 13
Info (10041): Inferred latch for "C[20]" at shifter.v(13) File: C:/Users/kazu4/2023-simple-2023-team23/shifter/shifter.v Line: 13
Info (10041): Inferred latch for "C[21]" at shifter.v(13) File: C:/Users/kazu4/2023-simple-2023-team23/shifter/shifter.v Line: 13
Info (10041): Inferred latch for "C[22]" at shifter.v(13) File: C:/Users/kazu4/2023-simple-2023-team23/shifter/shifter.v Line: 13
Info (10041): Inferred latch for "C[23]" at shifter.v(13) File: C:/Users/kazu4/2023-simple-2023-team23/shifter/shifter.v Line: 13
Info (10041): Inferred latch for "C[24]" at shifter.v(13) File: C:/Users/kazu4/2023-simple-2023-team23/shifter/shifter.v Line: 13
Info (10041): Inferred latch for "C[25]" at shifter.v(13) File: C:/Users/kazu4/2023-simple-2023-team23/shifter/shifter.v Line: 13
Info (10041): Inferred latch for "C[26]" at shifter.v(13) File: C:/Users/kazu4/2023-simple-2023-team23/shifter/shifter.v Line: 13
Info (10041): Inferred latch for "C[27]" at shifter.v(13) File: C:/Users/kazu4/2023-simple-2023-team23/shifter/shifter.v Line: 13
Info (10041): Inferred latch for "C[28]" at shifter.v(13) File: C:/Users/kazu4/2023-simple-2023-team23/shifter/shifter.v Line: 13
Info (10041): Inferred latch for "C[29]" at shifter.v(13) File: C:/Users/kazu4/2023-simple-2023-team23/shifter/shifter.v Line: 13
Info (10041): Inferred latch for "C[30]" at shifter.v(13) File: C:/Users/kazu4/2023-simple-2023-team23/shifter/shifter.v Line: 13
Info (10041): Inferred latch for "C[31]" at shifter.v(13) File: C:/Users/kazu4/2023-simple-2023-team23/shifter/shifter.v Line: 13
Info (10041): Inferred latch for "Carry" at shifter.v(13) File: C:/Users/kazu4/2023-simple-2023-team23/shifter/shifter.v Line: 13
Info (10041): Inferred latch for "D[0]" at shifter.v(13) File: C:/Users/kazu4/2023-simple-2023-team23/shifter/shifter.v Line: 13
Info (10041): Inferred latch for "D[1]" at shifter.v(13) File: C:/Users/kazu4/2023-simple-2023-team23/shifter/shifter.v Line: 13
Info (10041): Inferred latch for "D[2]" at shifter.v(13) File: C:/Users/kazu4/2023-simple-2023-team23/shifter/shifter.v Line: 13
Info (10041): Inferred latch for "D[3]" at shifter.v(13) File: C:/Users/kazu4/2023-simple-2023-team23/shifter/shifter.v Line: 13
Info (10041): Inferred latch for "D[4]" at shifter.v(13) File: C:/Users/kazu4/2023-simple-2023-team23/shifter/shifter.v Line: 13
Info (10041): Inferred latch for "D[5]" at shifter.v(13) File: C:/Users/kazu4/2023-simple-2023-team23/shifter/shifter.v Line: 13
Info (10041): Inferred latch for "D[6]" at shifter.v(13) File: C:/Users/kazu4/2023-simple-2023-team23/shifter/shifter.v Line: 13
Info (10041): Inferred latch for "D[7]" at shifter.v(13) File: C:/Users/kazu4/2023-simple-2023-team23/shifter/shifter.v Line: 13
Info (10041): Inferred latch for "D[8]" at shifter.v(13) File: C:/Users/kazu4/2023-simple-2023-team23/shifter/shifter.v Line: 13
Info (10041): Inferred latch for "D[9]" at shifter.v(13) File: C:/Users/kazu4/2023-simple-2023-team23/shifter/shifter.v Line: 13
Info (10041): Inferred latch for "D[10]" at shifter.v(13) File: C:/Users/kazu4/2023-simple-2023-team23/shifter/shifter.v Line: 13
Info (10041): Inferred latch for "D[11]" at shifter.v(13) File: C:/Users/kazu4/2023-simple-2023-team23/shifter/shifter.v Line: 13
Info (10041): Inferred latch for "D[12]" at shifter.v(13) File: C:/Users/kazu4/2023-simple-2023-team23/shifter/shifter.v Line: 13
Info (10041): Inferred latch for "D[13]" at shifter.v(13) File: C:/Users/kazu4/2023-simple-2023-team23/shifter/shifter.v Line: 13
Info (10041): Inferred latch for "D[14]" at shifter.v(13) File: C:/Users/kazu4/2023-simple-2023-team23/shifter/shifter.v Line: 13
Info (10041): Inferred latch for "D[15]" at shifter.v(13) File: C:/Users/kazu4/2023-simple-2023-team23/shifter/shifter.v Line: 13
Info (13025): Duplicate LATCH primitives merged into single LATCH primitive
    Info (13026): Duplicate LATCH primitive "C[31]" merged with LATCH primitive "C[30]" File: C:/Users/kazu4/2023-simple-2023-team23/shifter/shifter.v Line: 13
Warning (13012): Latch Carry has unsafe behavior File: C:/Users/kazu4/2023-simple-2023-team23/shifter/shifter.v Line: 12
    Warning (13013): Ports D and ENA on the latch are fed by the same signal d[3] File: C:/Users/kazu4/2023-simple-2023-team23/shifter/shifter.v Line: 4
Warning (13012): Latch C[0] has unsafe behavior File: C:/Users/kazu4/2023-simple-2023-team23/shifter/shifter.v Line: 13
    Warning (13013): Ports D and ENA on the latch are fed by the same signal opcode[1] File: C:/Users/kazu4/2023-simple-2023-team23/shifter/shifter.v Line: 3
Warning (13012): Latch C[1] has unsafe behavior File: C:/Users/kazu4/2023-simple-2023-team23/shifter/shifter.v Line: 13
    Warning (13013): Ports D and ENA on the latch are fed by the same signal opcode[1] File: C:/Users/kazu4/2023-simple-2023-team23/shifter/shifter.v Line: 3
Warning (13012): Latch C[2] has unsafe behavior File: C:/Users/kazu4/2023-simple-2023-team23/shifter/shifter.v Line: 13
    Warning (13013): Ports D and ENA on the latch are fed by the same signal opcode[1] File: C:/Users/kazu4/2023-simple-2023-team23/shifter/shifter.v Line: 3
Warning (13012): Latch C[3] has unsafe behavior File: C:/Users/kazu4/2023-simple-2023-team23/shifter/shifter.v Line: 13
    Warning (13013): Ports D and ENA on the latch are fed by the same signal opcode[1] File: C:/Users/kazu4/2023-simple-2023-team23/shifter/shifter.v Line: 3
Warning (13012): Latch C[4] has unsafe behavior File: C:/Users/kazu4/2023-simple-2023-team23/shifter/shifter.v Line: 13
    Warning (13013): Ports D and ENA on the latch are fed by the same signal opcode[1] File: C:/Users/kazu4/2023-simple-2023-team23/shifter/shifter.v Line: 3
Warning (13012): Latch C[5] has unsafe behavior File: C:/Users/kazu4/2023-simple-2023-team23/shifter/shifter.v Line: 13
    Warning (13013): Ports D and ENA on the latch are fed by the same signal opcode[1] File: C:/Users/kazu4/2023-simple-2023-team23/shifter/shifter.v Line: 3
Warning (13012): Latch C[6] has unsafe behavior File: C:/Users/kazu4/2023-simple-2023-team23/shifter/shifter.v Line: 13
    Warning (13013): Ports D and ENA on the latch are fed by the same signal opcode[1] File: C:/Users/kazu4/2023-simple-2023-team23/shifter/shifter.v Line: 3
Warning (13012): Latch C[7] has unsafe behavior File: C:/Users/kazu4/2023-simple-2023-team23/shifter/shifter.v Line: 13
    Warning (13013): Ports D and ENA on the latch are fed by the same signal opcode[1] File: C:/Users/kazu4/2023-simple-2023-team23/shifter/shifter.v Line: 3
Warning (13012): Latch C[8] has unsafe behavior File: C:/Users/kazu4/2023-simple-2023-team23/shifter/shifter.v Line: 13
    Warning (13013): Ports D and ENA on the latch are fed by the same signal opcode[1] File: C:/Users/kazu4/2023-simple-2023-team23/shifter/shifter.v Line: 3
Warning (13012): Latch C[9] has unsafe behavior File: C:/Users/kazu4/2023-simple-2023-team23/shifter/shifter.v Line: 13
    Warning (13013): Ports D and ENA on the latch are fed by the same signal opcode[1] File: C:/Users/kazu4/2023-simple-2023-team23/shifter/shifter.v Line: 3
Warning (13012): Latch C[10] has unsafe behavior File: C:/Users/kazu4/2023-simple-2023-team23/shifter/shifter.v Line: 13
    Warning (13013): Ports D and ENA on the latch are fed by the same signal opcode[1] File: C:/Users/kazu4/2023-simple-2023-team23/shifter/shifter.v Line: 3
Warning (13012): Latch C[11] has unsafe behavior File: C:/Users/kazu4/2023-simple-2023-team23/shifter/shifter.v Line: 13
    Warning (13013): Ports D and ENA on the latch are fed by the same signal opcode[1] File: C:/Users/kazu4/2023-simple-2023-team23/shifter/shifter.v Line: 3
Warning (13012): Latch C[12] has unsafe behavior File: C:/Users/kazu4/2023-simple-2023-team23/shifter/shifter.v Line: 13
    Warning (13013): Ports D and ENA on the latch are fed by the same signal opcode[1] File: C:/Users/kazu4/2023-simple-2023-team23/shifter/shifter.v Line: 3
Warning (13012): Latch C[13] has unsafe behavior File: C:/Users/kazu4/2023-simple-2023-team23/shifter/shifter.v Line: 13
    Warning (13013): Ports D and ENA on the latch are fed by the same signal opcode[1] File: C:/Users/kazu4/2023-simple-2023-team23/shifter/shifter.v Line: 3
Warning (13012): Latch C[14] has unsafe behavior File: C:/Users/kazu4/2023-simple-2023-team23/shifter/shifter.v Line: 13
    Warning (13013): Ports D and ENA on the latch are fed by the same signal opcode[1] File: C:/Users/kazu4/2023-simple-2023-team23/shifter/shifter.v Line: 3
Warning (13024): Output pins are stuck at VCC or GND
    Warning (13410): Pin "Outcond[0]" is stuck at GND File: C:/Users/kazu4/2023-simple-2023-team23/shifter/shifter.v Line: 6
Info (286030): Timing-Driven Synthesis is running
Info (144001): Generated suppressed messages file C:/Users/kazu4/2023-simple-2023-team23/shifter/output_files/shifter.map.smsg
Info (16010): Generating hard_block partition "hard_block:auto_generated_inst"
    Info (16011): Adding 0 node(s), including 0 DDIO, 0 PLL, 0 transceiver and 0 LCELL
Info (21057): Implemented 365 device resources after synthesis - the final resource count might be different
    Info (21058): Implemented 24 input pins
    Info (21059): Implemented 52 output pins
    Info (21061): Implemented 289 logic cells
Info: Quartus Prime Analysis & Synthesis was successful. 0 errors, 76 warnings
    Info: Peak virtual memory: 4764 megabytes
    Info: Processing ended: Mon May 01 11:57:39 2023
    Info: Elapsed time: 00:00:09
    Info: Total CPU time (on all processors): 00:00:12


+------------------------------------------+
; Analysis & Synthesis Suppressed Messages ;
+------------------------------------------+
The suppressed messages can be found in C:/Users/kazu4/2023-simple-2023-team23/shifter/output_files/shifter.map.smsg.


